{"/Users/uri/dev/BookApp/mobile/android/hooks/use-auth.ts": {"path":"/Users/uri/dev/BookApp/mobile/android/hooks/use-auth.ts","statementMap":{"0":{"start":{"line":11,"column":50},"end":{"line":11,"column":64}},"1":{"start":{"line":13,"column":2},"end":{"line":24,"column":44}},"2":{"start":{"line":14,"column":4},"end":{"line":14,"column":21}},"3":{"start":{"line":17,"column":24},"end":{"line":21,"column":6}},"4":{"start":{"line":18,"column":6},"end":{"line":18,"column":20}},"5":{"start":{"line":19,"column":6},"end":{"line":19,"column":27}},"6":{"start":{"line":20,"column":6},"end":{"line":20,"column":24}},"7":{"start":{"line":23,"column":4},"end":{"line":23,"column":23}},"8":{"start":{"line":31,"column":52},"end":{"line":31,"column":66}},"9":{"start":{"line":33,"column":2},"end":{"line":39,"column":4}}},"fnMap":{"0":{"name":"useAuthStateListener","decl":{"start":{"line":10,"column":16},"end":{"line":10,"column":36}},"loc":{"start":{"line":10,"column":39},"end":{"line":25,"column":1}},"line":10},"1":{"name":"(anonymous_1)","decl":{"start":{"line":13,"column":12},"end":{"line":13,"column":13}},"loc":{"start":{"line":13,"column":18},"end":{"line":24,"column":3}},"line":13},"2":{"name":"(anonymous_2)","decl":{"start":{"line":17,"column":50},"end":{"line":17,"column":51}},"loc":{"start":{"line":17,"column":91},"end":{"line":21,"column":5}},"line":17},"3":{"name":"useAuth","decl":{"start":{"line":30,"column":16},"end":{"line":30,"column":23}},"loc":{"start":{"line":30,"column":26},"end":{"line":40,"column":1}},"line":30}},"branchMap":{},"s":{"0":0,"1":0,"2":0,"3":0,"4":0,"5":0,"6":0,"7":0,"8":7,"9":7},"f":{"0":0,"1":0,"2":0,"3":7},"b":{},"_coverageSchema":"1a1c01bbd47fc00a2c39e90264f33305004495a9","hash":"ee66a3975da7958ec1d3d0e6d1916cea469e9dde"}
,"/Users/uri/dev/BookApp/mobile/android/hooks/use-color-scheme.ts": {"path":"/Users/uri/dev/BookApp/mobile/android/hooks/use-color-scheme.ts","statementMap":{},"fnMap":{},"branchMap":{},"s":{},"f":{},"b":{}}
,"/Users/uri/dev/BookApp/mobile/android/hooks/use-color-scheme.web.ts": {"path":"/Users/uri/dev/BookApp/mobile/android/hooks/use-color-scheme.web.ts","statementMap":{"0":{"start":{"line":8,"column":40},"end":{"line":8,"column":55}},"1":{"start":{"line":10,"column":2},"end":{"line":12,"column":9}},"2":{"start":{"line":11,"column":4},"end":{"line":11,"column":25}},"3":{"start":{"line":14,"column":22},"end":{"line":14,"column":40}},"4":{"start":{"line":16,"column":2},"end":{"line":18,"column":3}},"5":{"start":{"line":17,"column":4},"end":{"line":17,"column":23}},"6":{"start":{"line":20,"column":2},"end":{"line":20,"column":17}}},"fnMap":{"0":{"name":"useColorScheme","decl":{"start":{"line":7,"column":16},"end":{"line":7,"column":30}},"loc":{"start":{"line":7,"column":33},"end":{"line":21,"column":1}},"line":7},"1":{"name":"(anonymous_1)","decl":{"start":{"line":10,"column":12},"end":{"line":10,"column":13}},"loc":{"start":{"line":10,"column":18},"end":{"line":12,"column":3}},"line":10}},"branchMap":{"0":{"loc":{"start":{"line":16,"column":2},"end":{"line":18,"column":3}},"type":"if","locations":[{"start":{"line":16,"column":2},"end":{"line":18,"column":3}},{"start":{},"end":{}}],"line":16}},"s":{"0":0,"1":0,"2":0,"3":0,"4":0,"5":0,"6":0},"f":{"0":0,"1":0},"b":{"0":[0,0]}}
,"/Users/uri/dev/BookApp/mobile/android/hooks/use-theme-color.ts": {"path":"/Users/uri/dev/BookApp/mobile/android/hooks/use-theme-color.ts","statementMap":{"0":{"start":{"line":13,"column":16},"end":{"line":13,"column":43}},"1":{"start":{"line":14,"column":25},"end":{"line":14,"column":37}},"2":{"start":{"line":16,"column":2},"end":{"line":20,"column":3}},"3":{"start":{"line":17,"column":4},"end":{"line":17,"column":26}},"4":{"start":{"line":19,"column":4},"end":{"line":19,"column":36}}},"fnMap":{"0":{"name":"useThemeColor","decl":{"start":{"line":9,"column":16},"end":{"line":9,"column":29}},"loc":{"start":{"line":12,"column":2},"end":{"line":21,"column":1}},"line":12}},"branchMap":{"0":{"loc":{"start":{"line":13,"column":16},"end":{"line":13,"column":43}},"type":"binary-expr","locations":[{"start":{"line":13,"column":16},"end":{"line":13,"column":32}},{"start":{"line":13,"column":36},"end":{"line":13,"column":43}}],"line":13},"1":{"loc":{"start":{"line":16,"column":2},"end":{"line":20,"column":3}},"type":"if","locations":[{"start":{"line":16,"column":2},"end":{"line":20,"column":3}},{"start":{"line":18,"column":9},"end":{"line":20,"column":3}}],"line":16}},"s":{"0":0,"1":0,"2":0,"3":0,"4":0},"f":{"0":0},"b":{"0":[0,0],"1":[0,0]}}
,"/Users/uri/dev/BookApp/mobile/android/lib/firebase.ts": {"path":"/Users/uri/dev/BookApp/mobile/android/lib/firebase.ts","statementMap":{},"fnMap":{},"branchMap":{},"s":{},"f":{},"b":{}}
,"/Users/uri/dev/BookApp/mobile/android/lib/firestore.ts": {"path":"/Users/uri/dev/BookApp/mobile/android/lib/firestore.ts","statementMap":{"0":{"start":{"line":9,"column":34},"end":{"line":9,"column":74}},"1":{"start":{"line":9,"column":40},"end":{"line":9,"column":74}},"2":{"start":{"line":10,"column":33},"end":{"line":11,"column":72}},"3":{"start":{"line":11,"column":2},"end":{"line":11,"column":72}},"4":{"start":{"line":12,"column":31},"end":{"line":13,"column":106}},"5":{"start":{"line":13,"column":2},"end":{"line":13,"column":106}},"6":{"start":{"line":14,"column":32},"end":{"line":15,"column":107}},"7":{"start":{"line":15,"column":2},"end":{"line":15,"column":107}},"8":{"start":{"line":18,"column":31},"end":{"line":18,"column":75}},"9":{"start":{"line":18,"column":37},"end":{"line":18,"column":75}},"10":{"start":{"line":22,"column":17},"end":{"line":25,"column":4}},"11":{"start":{"line":26,"column":2},"end":{"line":26,"column":19}},"12":{"start":{"line":30,"column":14},"end":{"line":30,"column":60}},"13":{"start":{"line":31,"column":2},"end":{"line":31,"column":31}},"14":{"start":{"line":31,"column":19},"end":{"line":31,"column":31}},"15":{"start":{"line":32,"column":2},"end":{"line":32,"column":49}},"16":{"start":{"line":36,"column":19},"end":{"line":39,"column":10}},"17":{"start":{"line":41,"column":2},"end":{"line":41,"column":34}},"18":{"start":{"line":41,"column":22},"end":{"line":41,"column":34}},"19":{"start":{"line":42,"column":14},"end":{"line":42,"column":30}},"20":{"start":{"line":43,"column":2},"end":{"line":43,"column":49}},"21":{"start":{"line":48,"column":17},"end":{"line":51,"column":4}},"22":{"start":{"line":52,"column":2},"end":{"line":52,"column":19}},"23":{"start":{"line":56,"column":19},"end":{"line":56,"column":58}},"24":{"start":{"line":57,"column":2},"end":{"line":57,"column":97}},"25":{"start":{"line":57,"column":54},"end":{"line":57,"column":95}},"26":{"start":{"line":61,"column":14},"end":{"line":61,"column":67}},"27":{"start":{"line":62,"column":2},"end":{"line":62,"column":31}},"28":{"start":{"line":62,"column":19},"end":{"line":62,"column":31}},"29":{"start":{"line":63,"column":2},"end":{"line":63,"column":49}},"30":{"start":{"line":67,"column":32},"end":{"line":67,"column":36}},"31":{"start":{"line":68,"column":2},"end":{"line":68,"column":69}},"32":{"start":{"line":72,"column":2},"end":{"line":72,"column":59}},"33":{"start":{"line":81,"column":17},"end":{"line":85,"column":4}},"34":{"start":{"line":86,"column":2},"end":{"line":86,"column":19}},"35":{"start":{"line":90,"column":19},"end":{"line":92,"column":10}},"36":{"start":{"line":93,"column":2},"end":{"line":93,"column":95}},"37":{"start":{"line":93,"column":54},"end":{"line":93,"column":93}},"38":{"start":{"line":101,"column":19},"end":{"line":104,"column":10}},"39":{"start":{"line":105,"column":2},"end":{"line":105,"column":95}},"40":{"start":{"line":105,"column":54},"end":{"line":105,"column":93}},"41":{"start":{"line":109,"column":14},"end":{"line":109,"column":73}},"42":{"start":{"line":110,"column":2},"end":{"line":110,"column":31}},"43":{"start":{"line":110,"column":19},"end":{"line":110,"column":31}},"44":{"start":{"line":111,"column":2},"end":{"line":111,"column":47}},"45":{"start":{"line":120,"column":32},"end":{"line":120,"column":36}},"46":{"start":{"line":121,"column":2},"end":{"line":121,"column":75}},"47":{"start":{"line":125,"column":2},"end":{"line":125,"column":65}},"48":{"start":{"line":134,"column":17},"end":{"line":137,"column":4}},"49":{"start":{"line":138,"column":2},"end":{"line":138,"column":19}},"50":{"start":{"line":142,"column":19},"end":{"line":142,"column":67}},"51":{"start":{"line":143,"column":2},"end":{"line":143,"column":97}},"52":{"start":{"line":143,"column":54},"end":{"line":143,"column":95}},"53":{"start":{"line":151,"column":14},"end":{"line":151,"column":76}},"54":{"start":{"line":152,"column":2},"end":{"line":152,"column":31}},"55":{"start":{"line":152,"column":19},"end":{"line":152,"column":31}},"56":{"start":{"line":153,"column":2},"end":{"line":153,"column":49}},"57":{"start":{"line":162,"column":32},"end":{"line":162,"column":36}},"58":{"start":{"line":163,"column":2},"end":{"line":163,"column":78}},"59":{"start":{"line":171,"column":2},"end":{"line":171,"column":68}},"60":{"start":{"line":179,"column":2},"end":{"line":182,"column":5}},"61":{"start":{"line":180,"column":20},"end":{"line":180,"column":107}},"62":{"start":{"line":180,"column":65},"end":{"line":180,"column":106}},"63":{"start":{"line":181,"column":4},"end":{"line":181,"column":22}},"64":{"start":{"line":190,"column":2},"end":{"line":195,"column":7}},"65":{"start":{"line":193,"column":20},"end":{"line":193,"column":105}},"66":{"start":{"line":193,"column":65},"end":{"line":193,"column":104}},"67":{"start":{"line":194,"column":6},"end":{"line":194,"column":22}},"68":{"start":{"line":203,"column":2},"end":{"line":206,"column":5}},"69":{"start":{"line":204,"column":19},"end":{"line":204,"column":106}},"70":{"start":{"line":204,"column":64},"end":{"line":204,"column":105}},"71":{"start":{"line":205,"column":4},"end":{"line":205,"column":21}}},"fnMap":{"0":{"name":"(anonymous_0)","decl":{"start":{"line":9,"column":34},"end":{"line":9,"column":35}},"loc":{"start":{"line":9,"column":40},"end":{"line":9,"column":74}},"line":9},"1":{"name":"(anonymous_1)","decl":{"start":{"line":10,"column":33},"end":{"line":10,"column":34}},"loc":{"start":{"line":11,"column":2},"end":{"line":11,"column":72}},"line":11},"2":{"name":"(anonymous_2)","decl":{"start":{"line":12,"column":31},"end":{"line":12,"column":32}},"loc":{"start":{"line":13,"column":2},"end":{"line":13,"column":106}},"line":13},"3":{"name":"(anonymous_3)","decl":{"start":{"line":14,"column":32},"end":{"line":14,"column":33}},"loc":{"start":{"line":15,"column":2},"end":{"line":15,"column":107}},"line":15},"4":{"name":"(anonymous_4)","decl":{"start":{"line":18,"column":31},"end":{"line":18,"column":32}},"loc":{"start":{"line":18,"column":37},"end":{"line":18,"column":75}},"line":18},"5":{"name":"createFamily","decl":{"start":{"line":21,"column":22},"end":{"line":21,"column":34}},"loc":{"start":{"line":21,"column":91},"end":{"line":27,"column":1}},"line":21},"6":{"name":"getFamily","decl":{"start":{"line":29,"column":22},"end":{"line":29,"column":31}},"loc":{"start":{"line":29,"column":74},"end":{"line":33,"column":1}},"line":29},"7":{"name":"getFamilyByOwner","decl":{"start":{"line":35,"column":22},"end":{"line":35,"column":38}},"loc":{"start":{"line":35,"column":80},"end":{"line":44,"column":1}},"line":35},"8":{"name":"createMember","decl":{"start":{"line":47,"column":22},"end":{"line":47,"column":34}},"loc":{"start":{"line":47,"column":108},"end":{"line":53,"column":1}},"line":47},"9":{"name":"getMembers","decl":{"start":{"line":55,"column":22},"end":{"line":55,"column":32}},"loc":{"start":{"line":55,"column":70},"end":{"line":58,"column":1}},"line":55},"10":{"name":"(anonymous_10)","decl":{"start":{"line":57,"column":27},"end":{"line":57,"column":28}},"loc":{"start":{"line":57,"column":54},"end":{"line":57,"column":95}},"line":57},"11":{"name":"getMember","decl":{"start":{"line":60,"column":22},"end":{"line":60,"column":31}},"loc":{"start":{"line":60,"column":92},"end":{"line":64,"column":1}},"line":60},"12":{"name":"updateMember","decl":{"start":{"line":66,"column":22},"end":{"line":66,"column":34}},"loc":{"start":{"line":66,"column":109},"end":{"line":69,"column":1}},"line":66},"13":{"name":"deleteMember","decl":{"start":{"line":71,"column":22},"end":{"line":71,"column":34}},"loc":{"start":{"line":71,"column":86},"end":{"line":73,"column":1}},"line":71},"14":{"name":"createBook","decl":{"start":{"line":76,"column":22},"end":{"line":76,"column":32}},"loc":{"start":{"line":80,"column":19},"end":{"line":87,"column":1}},"line":80},"15":{"name":"getBooks","decl":{"start":{"line":89,"column":22},"end":{"line":89,"column":30}},"loc":{"start":{"line":89,"column":84},"end":{"line":94,"column":1}},"line":89},"16":{"name":"(anonymous_16)","decl":{"start":{"line":93,"column":27},"end":{"line":93,"column":28}},"loc":{"start":{"line":93,"column":54},"end":{"line":93,"column":93}},"line":93},"17":{"name":"getBooksByStatus","decl":{"start":{"line":96,"column":22},"end":{"line":96,"column":38}},"loc":{"start":{"line":100,"column":19},"end":{"line":106,"column":1}},"line":100},"18":{"name":"(anonymous_18)","decl":{"start":{"line":105,"column":27},"end":{"line":105,"column":28}},"loc":{"start":{"line":105,"column":54},"end":{"line":105,"column":93}},"line":105},"19":{"name":"getBook","decl":{"start":{"line":108,"column":22},"end":{"line":108,"column":29}},"loc":{"start":{"line":108,"column":104},"end":{"line":112,"column":1}},"line":108},"20":{"name":"updateBook","decl":{"start":{"line":114,"column":22},"end":{"line":114,"column":32}},"loc":{"start":{"line":119,"column":17},"end":{"line":122,"column":1}},"line":119},"21":{"name":"deleteBook","decl":{"start":{"line":124,"column":22},"end":{"line":124,"column":32}},"loc":{"start":{"line":124,"column":100},"end":{"line":126,"column":1}},"line":124},"22":{"name":"createSeries","decl":{"start":{"line":129,"column":22},"end":{"line":129,"column":34}},"loc":{"start":{"line":133,"column":19},"end":{"line":139,"column":1}},"line":133},"23":{"name":"getSeries","decl":{"start":{"line":141,"column":22},"end":{"line":141,"column":31}},"loc":{"start":{"line":141,"column":87},"end":{"line":144,"column":1}},"line":141},"24":{"name":"(anonymous_24)","decl":{"start":{"line":143,"column":27},"end":{"line":143,"column":28}},"loc":{"start":{"line":143,"column":54},"end":{"line":143,"column":95}},"line":143},"25":{"name":"getSeriesById","decl":{"start":{"line":146,"column":22},"end":{"line":146,"column":35}},"loc":{"start":{"line":150,"column":26},"end":{"line":154,"column":1}},"line":150},"26":{"name":"updateSeries","decl":{"start":{"line":156,"column":22},"end":{"line":156,"column":34}},"loc":{"start":{"line":161,"column":17},"end":{"line":164,"column":1}},"line":161},"27":{"name":"deleteSeries","decl":{"start":{"line":166,"column":22},"end":{"line":166,"column":34}},"loc":{"start":{"line":170,"column":17},"end":{"line":172,"column":1}},"line":170},"28":{"name":"onMembersSnapshot","decl":{"start":{"line":175,"column":16},"end":{"line":175,"column":33}},"loc":{"start":{"line":178,"column":14},"end":{"line":183,"column":1}},"line":178},"29":{"name":"(anonymous_29)","decl":{"start":{"line":179,"column":48},"end":{"line":179,"column":49}},"loc":{"start":{"line":179,"column":77},"end":{"line":182,"column":3}},"line":179},"30":{"name":"(anonymous_30)","decl":{"start":{"line":180,"column":38},"end":{"line":180,"column":39}},"loc":{"start":{"line":180,"column":65},"end":{"line":180,"column":106}},"line":180},"31":{"name":"onBooksSnapshot","decl":{"start":{"line":185,"column":16},"end":{"line":185,"column":31}},"loc":{"start":{"line":189,"column":14},"end":{"line":196,"column":1}},"line":189},"32":{"name":"(anonymous_32)","decl":{"start":{"line":192,"column":16},"end":{"line":192,"column":17}},"loc":{"start":{"line":192,"column":45},"end":{"line":195,"column":5}},"line":192},"33":{"name":"(anonymous_33)","decl":{"start":{"line":193,"column":38},"end":{"line":193,"column":39}},"loc":{"start":{"line":193,"column":65},"end":{"line":193,"column":104}},"line":193},"34":{"name":"onSeriesSnapshot","decl":{"start":{"line":198,"column":16},"end":{"line":198,"column":32}},"loc":{"start":{"line":202,"column":14},"end":{"line":207,"column":1}},"line":202},"35":{"name":"(anonymous_35)","decl":{"start":{"line":203,"column":57},"end":{"line":203,"column":58}},"loc":{"start":{"line":203,"column":86},"end":{"line":206,"column":3}},"line":203},"36":{"name":"(anonymous_36)","decl":{"start":{"line":204,"column":37},"end":{"line":204,"column":38}},"loc":{"start":{"line":204,"column":64},"end":{"line":204,"column":105}},"line":204}},"branchMap":{"0":{"loc":{"start":{"line":31,"column":2},"end":{"line":31,"column":31}},"type":"if","locations":[{"start":{"line":31,"column":2},"end":{"line":31,"column":31}},{"start":{},"end":{}}],"line":31},"1":{"loc":{"start":{"line":41,"column":2},"end":{"line":41,"column":34}},"type":"if","locations":[{"start":{"line":41,"column":2},"end":{"line":41,"column":34}},{"start":{},"end":{}}],"line":41},"2":{"loc":{"start":{"line":62,"column":2},"end":{"line":62,"column":31}},"type":"if","locations":[{"start":{"line":62,"column":2},"end":{"line":62,"column":31}},{"start":{},"end":{}}],"line":62},"3":{"loc":{"start":{"line":110,"column":2},"end":{"line":110,"column":31}},"type":"if","locations":[{"start":{"line":110,"column":2},"end":{"line":110,"column":31}},{"start":{},"end":{}}],"line":110},"4":{"loc":{"start":{"line":152,"column":2},"end":{"line":152,"column":31}},"type":"if","locations":[{"start":{"line":152,"column":2},"end":{"line":152,"column":31}},{"start":{},"end":{}}],"line":152}},"s":{"0":1,"1":3,"2":1,"3":2,"4":1,"5":2,"6":1,"7":2,"8":1,"9":2,"10":1,"11":1,"12":1,"13":1,"14":0,"15":1,"16":1,"17":1,"18":1,"19":0,"20":0,"21":1,"22":1,"23":1,"24":1,"25":0,"26":0,"27":0,"28":0,"29":0,"30":0,"31":0,"32":0,"33":1,"34":1,"35":1,"36":1,"37":0,"38":0,"39":0,"40":0,"41":0,"42":0,"43":0,"44":0,"45":0,"46":0,"47":0,"48":1,"49":1,"50":1,"51":1,"52":0,"53":0,"54":0,"55":0,"56":0,"57":0,"58":0,"59":0,"60":0,"61":0,"62":0,"63":0,"64":0,"65":0,"66":0,"67":0,"68":0,"69":0,"70":0,"71":0},"f":{"0":3,"1":2,"2":2,"3":2,"4":2,"5":1,"6":1,"7":1,"8":1,"9":1,"10":0,"11":0,"12":0,"13":0,"14":1,"15":1,"16":0,"17":0,"18":0,"19":0,"20":0,"21":0,"22":1,"23":1,"24":0,"25":0,"26":0,"27":0,"28":0,"29":0,"30":0,"31":0,"32":0,"33":0,"34":0,"35":0,"36":0},"b":{"0":[0,1],"1":[1,0],"2":[0,0],"3":[0,0],"4":[0,0]},"_coverageSchema":"1a1c01bbd47fc00a2c39e90264f33305004495a9","hash":"10865258d4ef386f6e2d6405e06bddd9153c8fdb"}
,"/Users/uri/dev/BookApp/mobile/android/lib/google-signin.ts": {"path":"/Users/uri/dev/BookApp/mobile/android/lib/google-signin.ts","statementMap":{"0":{"start":{"line":12,"column":2},"end":{"line":15,"column":5}}},"fnMap":{"0":{"name":"configureGoogleSignIn","decl":{"start":{"line":11,"column":16},"end":{"line":11,"column":37}},"loc":{"start":{"line":11,"column":59},"end":{"line":16,"column":1}},"line":11}},"branchMap":{},"s":{"0":0},"f":{"0":0},"b":{}}
,"/Users/uri/dev/BookApp/mobile/android/lib/storage.ts": {"path":"/Users/uri/dev/BookApp/mobile/android/lib/storage.ts","statementMap":{"0":{"start":{"line":10,"column":20},"end":{"line":10,"column":39}},"1":{"start":{"line":13,"column":2},"end":{"line":13,"column":31}},"2":{"start":{"line":16,"column":22},"end":{"line":16,"column":54}},"3":{"start":{"line":17,"column":2},"end":{"line":17,"column":21}},"4":{"start":{"line":32,"column":20},"end":{"line":32,"column":30}},"5":{"start":{"line":33,"column":15},"end":{"line":33,"column":81}},"6":{"start":{"line":34,"column":2},"end":{"line":34,"column":32}},"7":{"start":{"line":51,"column":20},"end":{"line":51,"column":30}},"8":{"start":{"line":52,"column":15},"end":{"line":52,"column":96}},"9":{"start":{"line":53,"column":2},"end":{"line":53,"column":32}},"10":{"start":{"line":61,"column":2},"end":{"line":76,"column":3}},"11":{"start":{"line":64,"column":4},"end":{"line":68,"column":5}},"12":{"start":{"line":65,"column":6},"end":{"line":65,"column":45}},"13":{"start":{"line":67,"column":6},"end":{"line":67,"column":38}},"14":{"start":{"line":69,"column":4},"end":{"line":69,"column":29}},"15":{"start":{"line":72,"column":22},"end":{"line":72,"column":56}},"16":{"start":{"line":73,"column":4},"end":{"line":75,"column":5}},"17":{"start":{"line":74,"column":6},"end":{"line":74,"column":18}}},"fnMap":{"0":{"name":"uploadImage","decl":{"start":{"line":9,"column":22},"end":{"line":9,"column":33}},"loc":{"start":{"line":9,"column":78},"end":{"line":18,"column":1}},"line":9},"1":{"name":"uploadMemberAvatar","decl":{"start":{"line":27,"column":22},"end":{"line":27,"column":40}},"loc":{"start":{"line":31,"column":19},"end":{"line":35,"column":1}},"line":31},"2":{"name":"uploadBookCover","decl":{"start":{"line":45,"column":22},"end":{"line":45,"column":37}},"loc":{"start":{"line":50,"column":19},"end":{"line":54,"column":1}},"line":50},"3":{"name":"deleteFile","decl":{"start":{"line":60,"column":22},"end":{"line":60,"column":32}},"loc":{"start":{"line":60,"column":62},"end":{"line":77,"column":1}},"line":60}},"branchMap":{"0":{"loc":{"start":{"line":64,"column":4},"end":{"line":68,"column":5}},"type":"if","locations":[{"start":{"line":64,"column":4},"end":{"line":68,"column":5}},{"start":{"line":66,"column":11},"end":{"line":68,"column":5}}],"line":64},"1":{"loc":{"start":{"line":64,"column":8},"end":{"line":64,"column":63}},"type":"binary-expr","locations":[{"start":{"line":64,"column":8},"end":{"line":64,"column":35}},{"start":{"line":64,"column":39},"end":{"line":64,"column":63}}],"line":64},"2":{"loc":{"start":{"line":73,"column":4},"end":{"line":75,"column":5}},"type":"if","locations":[{"start":{"line":73,"column":4},"end":{"line":75,"column":5}},{"start":{},"end":{}}],"line":73}},"s":{"0":3,"1":3,"2":3,"3":3,"4":1,"5":1,"6":1,"7":1,"8":1,"9":1,"10":4,"11":4,"12":2,"13":2,"14":4,"15":0,"16":0,"17":0},"f":{"0":3,"1":1,"2":1,"3":4},"b":{"0":[2,2],"1":[4,3],"2":[0,0]},"_coverageSchema":"1a1c01bbd47fc00a2c39e90264f33305004495a9","hash":"b72d9370f8b80189066252251692989bf3b34cad"}
,"/Users/uri/dev/BookApp/mobile/android/stores/auth-store.ts": {"path":"/Users/uri/dev/BookApp/mobile/android/stores/auth-store.ts","statementMap":{"0":{"start":{"line":22,"column":28},"end":{"line":116,"column":3}},"1":{"start":{"line":22,"column":56},"end":{"line":116,"column":1}},"2":{"start":{"line":28,"column":21},"end":{"line":28,"column":34}},"3":{"start":{"line":29,"column":29},"end":{"line":29,"column":47}},"4":{"start":{"line":30,"column":37},"end":{"line":30,"column":59}},"5":{"start":{"line":31,"column":23},"end":{"line":31,"column":37}},"6":{"start":{"line":32,"column":20},"end":{"line":32,"column":40}},"7":{"start":{"line":36,"column":18},"end":{"line":36,"column":41}},"8":{"start":{"line":37,"column":4},"end":{"line":40,"column":5}},"9":{"start":{"line":38,"column":6},"end":{"line":38,"column":62}},"10":{"start":{"line":39,"column":6},"end":{"line":39,"column":13}},"11":{"start":{"line":42,"column":4},"end":{"line":96,"column":5}},"12":{"start":{"line":43,"column":6},"end":{"line":43,"column":44}},"13":{"start":{"line":46,"column":6},"end":{"line":46,"column":81}},"14":{"start":{"line":49,"column":6},"end":{"line":53,"column":7}},"15":{"start":{"line":50,"column":8},"end":{"line":50,"column":37}},"16":{"start":{"line":56,"column":27},"end":{"line":56,"column":54}},"17":{"start":{"line":59,"column":22},"end":{"line":59,"column":48}},"18":{"start":{"line":60,"column":6},"end":{"line":62,"column":7}},"19":{"start":{"line":61,"column":8},"end":{"line":61,"column":68}},"20":{"start":{"line":65,"column":31},"end":{"line":65,"column":74}},"21":{"start":{"line":68,"column":6},"end":{"line":68,"column":58}},"22":{"start":{"line":70,"column":6},"end":{"line":70,"column":52}},"23":{"start":{"line":72,"column":25},"end":{"line":72,"column":56}},"24":{"start":{"line":74,"column":6},"end":{"line":90,"column":7}},"25":{"start":{"line":75,"column":8},"end":{"line":87,"column":9}},"26":{"start":{"line":77,"column":12},"end":{"line":77,"column":51}},"27":{"start":{"line":78,"column":12},"end":{"line":78,"column":18}},"28":{"start":{"line":80,"column":12},"end":{"line":80,"column":60}},"29":{"start":{"line":81,"column":12},"end":{"line":81,"column":18}},"30":{"start":{"line":83,"column":12},"end":{"line":83,"column":64}},"31":{"start":{"line":84,"column":12},"end":{"line":84,"column":18}},"32":{"start":{"line":86,"column":12},"end":{"line":86,"column":75}},"33":{"start":{"line":88,"column":13},"end":{"line":90,"column":7}},"34":{"start":{"line":89,"column":8},"end":{"line":89,"column":37}},"35":{"start":{"line":92,"column":6},"end":{"line":92,"column":35}},"36":{"start":{"line":93,"column":6},"end":{"line":93,"column":18}},"37":{"start":{"line":95,"column":6},"end":{"line":95,"column":32}},"38":{"start":{"line":100,"column":4},"end":{"line":114,"column":5}},"39":{"start":{"line":101,"column":6},"end":{"line":101,"column":44}},"40":{"start":{"line":104,"column":6},"end":{"line":104,"column":35}},"41":{"start":{"line":107,"column":6},"end":{"line":107,"column":29}},"42":{"start":{"line":109,"column":27},"end":{"line":109,"column":88}},"43":{"start":{"line":110,"column":6},"end":{"line":110,"column":35}},"44":{"start":{"line":111,"column":6},"end":{"line":111,"column":18}},"45":{"start":{"line":113,"column":6},"end":{"line":113,"column":32}}},"fnMap":{"0":{"name":"(anonymous_0)","decl":{"start":{"line":22,"column":46},"end":{"line":22,"column":47}},"loc":{"start":{"line":22,"column":56},"end":{"line":116,"column":1}},"line":22},"1":{"name":"(anonymous_1)","decl":{"start":{"line":28,"column":11},"end":{"line":28,"column":12}},"loc":{"start":{"line":28,"column":21},"end":{"line":28,"column":34}},"line":28},"2":{"name":"(anonymous_2)","decl":{"start":{"line":29,"column":14},"end":{"line":29,"column":15}},"loc":{"start":{"line":29,"column":29},"end":{"line":29,"column":47}},"line":29},"3":{"name":"(anonymous_3)","decl":{"start":{"line":30,"column":18},"end":{"line":30,"column":19}},"loc":{"start":{"line":30,"column":37},"end":{"line":30,"column":59}},"line":30},"4":{"name":"(anonymous_4)","decl":{"start":{"line":31,"column":12},"end":{"line":31,"column":13}},"loc":{"start":{"line":31,"column":23},"end":{"line":31,"column":37}},"line":31},"5":{"name":"(anonymous_5)","decl":{"start":{"line":32,"column":14},"end":{"line":32,"column":15}},"loc":{"start":{"line":32,"column":20},"end":{"line":32,"column":40}},"line":32},"6":{"name":"(anonymous_6)","decl":{"start":{"line":34,"column":20},"end":{"line":34,"column":21}},"loc":{"start":{"line":34,"column":32},"end":{"line":97,"column":3}},"line":34},"7":{"name":"(anonymous_7)","decl":{"start":{"line":99,"column":11},"end":{"line":99,"column":12}},"loc":{"start":{"line":99,"column":23},"end":{"line":115,"column":3}},"line":99}},"branchMap":{"0":{"loc":{"start":{"line":37,"column":4},"end":{"line":40,"column":5}},"type":"if","locations":[{"start":{"line":37,"column":4},"end":{"line":40,"column":5}},{"start":{},"end":{}}],"line":37},"1":{"loc":{"start":{"line":60,"column":6},"end":{"line":62,"column":7}},"type":"if","locations":[{"start":{"line":60,"column":6},"end":{"line":62,"column":7}},{"start":{},"end":{}}],"line":60},"2":{"loc":{"start":{"line":74,"column":6},"end":{"line":90,"column":7}},"type":"if","locations":[{"start":{"line":74,"column":6},"end":{"line":90,"column":7}},{"start":{"line":88,"column":13},"end":{"line":90,"column":7}}],"line":74},"3":{"loc":{"start":{"line":75,"column":8},"end":{"line":87,"column":9}},"type":"switch","locations":[{"start":{"line":76,"column":10},"end":{"line":78,"column":18}},{"start":{"line":79,"column":10},"end":{"line":81,"column":18}},{"start":{"line":82,"column":10},"end":{"line":84,"column":18}},{"start":{"line":85,"column":10},"end":{"line":86,"column":75}}],"line":75},"4":{"loc":{"start":{"line":86,"column":27},"end":{"line":86,"column":74}},"type":"binary-expr","locations":[{"start":{"line":86,"column":27},"end":{"line":86,"column":40}},{"start":{"line":86,"column":44},"end":{"line":86,"column":74}}],"line":86},"5":{"loc":{"start":{"line":88,"column":13},"end":{"line":90,"column":7}},"type":"if","locations":[{"start":{"line":88,"column":13},"end":{"line":90,"column":7}},{"start":{},"end":{}}],"line":88},"6":{"loc":{"start":{"line":109,"column":27},"end":{"line":109,"column":88}},"type":"cond-expr","locations":[{"start":{"line":109,"column":52},"end":{"line":109,"column":65}},{"start":{"line":109,"column":68},"end":{"line":109,"column":88}}],"line":109}},"s":{"0":2,"1":2,"2":1,"3":2,"4":1,"5":1,"6":1,"7":5,"8":5,"9":1,"10":1,"11":4,"12":4,"13":4,"14":3,"15":3,"16":3,"17":2,"18":2,"19":1,"20":1,"21":1,"22":3,"23":3,"24":3,"25":2,"26":1,"27":1,"28":0,"29":0,"30":1,"31":1,"32":0,"33":1,"34":1,"35":3,"36":3,"37":4,"38":2,"39":2,"40":2,"41":2,"42":1,"43":1,"44":1,"45":2},"f":{"0":2,"1":1,"2":2,"3":1,"4":1,"5":1,"6":5,"7":2},"b":{"0":[1,4],"1":[1,1],"2":[2,1],"3":[1,0,1,0],"4":[0,0],"5":[1,0],"6":[1,0]},"_coverageSchema":"1a1c01bbd47fc00a2c39e90264f33305004495a9","hash":"2b14dc081c12d86ac899c3bab4d8c9dda6ed25ef"}
}
