{"/Users/uri/dev/BookApp/mobile/android/hooks/use-auth.ts": {"path":"/Users/uri/dev/BookApp/mobile/android/hooks/use-auth.ts","statementMap":{"0":{"start":{"line":11,"column":50},"end":{"line":11,"column":64}},"1":{"start":{"line":13,"column":2},"end":{"line":24,"column":44}},"2":{"start":{"line":14,"column":4},"end":{"line":14,"column":21}},"3":{"start":{"line":17,"column":24},"end":{"line":21,"column":6}},"4":{"start":{"line":18,"column":6},"end":{"line":18,"column":20}},"5":{"start":{"line":19,"column":6},"end":{"line":19,"column":27}},"6":{"start":{"line":20,"column":6},"end":{"line":20,"column":24}},"7":{"start":{"line":23,"column":4},"end":{"line":23,"column":23}},"8":{"start":{"line":31,"column":52},"end":{"line":31,"column":66}},"9":{"start":{"line":33,"column":2},"end":{"line":39,"column":4}}},"fnMap":{"0":{"name":"useAuthStateListener","decl":{"start":{"line":10,"column":16},"end":{"line":10,"column":36}},"loc":{"start":{"line":10,"column":39},"end":{"line":25,"column":1}},"line":10},"1":{"name":"(anonymous_1)","decl":{"start":{"line":13,"column":12},"end":{"line":13,"column":13}},"loc":{"start":{"line":13,"column":18},"end":{"line":24,"column":3}},"line":13},"2":{"name":"(anonymous_2)","decl":{"start":{"line":17,"column":50},"end":{"line":17,"column":51}},"loc":{"start":{"line":17,"column":91},"end":{"line":21,"column":5}},"line":17},"3":{"name":"useAuth","decl":{"start":{"line":30,"column":16},"end":{"line":30,"column":23}},"loc":{"start":{"line":30,"column":26},"end":{"line":40,"column":1}},"line":30}},"branchMap":{},"s":{"0":0,"1":0,"2":0,"3":0,"4":0,"5":0,"6":0,"7":0,"8":7,"9":7},"f":{"0":0,"1":0,"2":0,"3":7},"b":{},"_coverageSchema":"1a1c01bbd47fc00a2c39e90264f33305004495a9","hash":"ee66a3975da7958ec1d3d0e6d1916cea469e9dde"}
,"/Users/uri/dev/BookApp/mobile/android/hooks/use-books.ts": {"path":"/Users/uri/dev/BookApp/mobile/android/hooks/use-books.ts","statementMap":{"0":{"start":{"line":23,"column":17},"end":{"line":23,"column":48}},"1":{"start":{"line":23,"column":39},"end":{"line":23,"column":47}},"2":{"start":{"line":24,"column":27},"end":{"line":24,"column":68}},"3":{"start":{"line":24,"column":49},"end":{"line":24,"column":67}},"4":{"start":{"line":26,"column":28},"end":{"line":30,"column":4}},"5":{"start":{"line":32,"column":2},"end":{"line":47,"column":33}},"6":{"start":{"line":33,"column":4},"end":{"line":36,"column":5}},"7":{"start":{"line":34,"column":6},"end":{"line":34,"column":61}},"8":{"start":{"line":35,"column":6},"end":{"line":35,"column":13}},"9":{"start":{"line":38,"column":4},"end":{"line":38,"column":68}},"10":{"start":{"line":38,"column":24},"end":{"line":38,"column":65}},"11":{"start":{"line":40,"column":24},"end":{"line":42,"column":6}},"12":{"start":{"line":41,"column":6},"end":{"line":41,"column":57}},"13":{"start":{"line":44,"column":4},"end":{"line":46,"column":6}},"14":{"start":{"line":45,"column":6},"end":{"line":45,"column":20}},"15":{"start":{"line":49,"column":2},"end":{"line":49,"column":15}},"16":{"start":{"line":56,"column":38},"end":{"line":56,"column":56}},"17":{"start":{"line":58,"column":24},"end":{"line":60,"column":11}},"18":{"start":{"line":59,"column":29},"end":{"line":59,"column":57}},"19":{"start":{"line":63,"column":24},"end":{"line":67,"column":3}},"20":{"start":{"line":64,"column":33},"end":{"line":64,"column":55}},"21":{"start":{"line":65,"column":35},"end":{"line":65,"column":57}},"22":{"start":{"line":66,"column":30},"end":{"line":66,"column":49}},"23":{"start":{"line":69,"column":2},"end":{"line":81,"column":4}},"24":{"start":{"line":88,"column":17},"end":{"line":88,"column":48}},"25":{"start":{"line":88,"column":39},"end":{"line":88,"column":47}},"26":{"start":{"line":89,"column":27},"end":{"line":89,"column":68}},"27":{"start":{"line":89,"column":49},"end":{"line":89,"column":67}},"28":{"start":{"line":91,"column":18},"end":{"line":100,"column":3}},"29":{"start":{"line":93,"column":6},"end":{"line":93,"column":55}},"30":{"start":{"line":93,"column":19},"end":{"line":93,"column":55}},"31":{"start":{"line":94,"column":6},"end":{"line":94,"column":67}},"32":{"start":{"line":94,"column":29},"end":{"line":94,"column":67}},"33":{"start":{"line":96,"column":21},"end":{"line":96,"column":72}},"34":{"start":{"line":97,"column":6},"end":{"line":97,"column":20}},"35":{"start":{"line":102,"column":19},"end":{"line":110,"column":3}},"36":{"start":{"line":104,"column":6},"end":{"line":104,"column":55}},"37":{"start":{"line":104,"column":19},"end":{"line":104,"column":55}},"38":{"start":{"line":105,"column":6},"end":{"line":105,"column":67}},"39":{"start":{"line":105,"column":29},"end":{"line":105,"column":67}},"40":{"start":{"line":107,"column":6},"end":{"line":107,"column":66}},"41":{"start":{"line":112,"column":21},"end":{"line":120,"column":3}},"42":{"start":{"line":114,"column":6},"end":{"line":114,"column":55}},"43":{"start":{"line":114,"column":19},"end":{"line":114,"column":55}},"44":{"start":{"line":115,"column":6},"end":{"line":115,"column":67}},"45":{"start":{"line":115,"column":29},"end":{"line":115,"column":67}},"46":{"start":{"line":117,"column":6},"end":{"line":117,"column":60}},"47":{"start":{"line":122,"column":27},"end":{"line":130,"column":3}},"48":{"start":{"line":124,"column":6},"end":{"line":124,"column":55}},"49":{"start":{"line":124,"column":19},"end":{"line":124,"column":55}},"50":{"start":{"line":125,"column":6},"end":{"line":125,"column":67}},"51":{"start":{"line":125,"column":29},"end":{"line":125,"column":67}},"52":{"start":{"line":127,"column":6},"end":{"line":127,"column":72}},"53":{"start":{"line":132,"column":20},"end":{"line":140,"column":3}},"54":{"start":{"line":134,"column":6},"end":{"line":134,"column":55}},"55":{"start":{"line":134,"column":19},"end":{"line":134,"column":55}},"56":{"start":{"line":135,"column":6},"end":{"line":135,"column":67}},"57":{"start":{"line":135,"column":29},"end":{"line":135,"column":67}},"58":{"start":{"line":137,"column":6},"end":{"line":137,"column":58}},"59":{"start":{"line":142,"column":2},"end":{"line":148,"column":4}}},"fnMap":{"0":{"name":"useBooksListener","decl":{"start":{"line":22,"column":16},"end":{"line":22,"column":32}},"loc":{"start":{"line":22,"column":35},"end":{"line":50,"column":1}},"line":22},"1":{"name":"(anonymous_1)","decl":{"start":{"line":23,"column":32},"end":{"line":23,"column":33}},"loc":{"start":{"line":23,"column":39},"end":{"line":23,"column":47}},"line":23},"2":{"name":"(anonymous_2)","decl":{"start":{"line":24,"column":42},"end":{"line":24,"column":43}},"loc":{"start":{"line":24,"column":49},"end":{"line":24,"column":67}},"line":24},"3":{"name":"(anonymous_3)","decl":{"start":{"line":32,"column":12},"end":{"line":32,"column":13}},"loc":{"start":{"line":32,"column":18},"end":{"line":47,"column":3}},"line":32},"4":{"name":"(anonymous_4)","decl":{"start":{"line":38,"column":13},"end":{"line":38,"column":14}},"loc":{"start":{"line":38,"column":24},"end":{"line":38,"column":65}},"line":38},"5":{"name":"(anonymous_5)","decl":{"start":{"line":40,"column":69},"end":{"line":40,"column":70}},"loc":{"start":{"line":40,"column":80},"end":{"line":42,"column":5}},"line":40},"6":{"name":"(anonymous_6)","decl":{"start":{"line":44,"column":11},"end":{"line":44,"column":12}},"loc":{"start":{"line":44,"column":17},"end":{"line":46,"column":5}},"line":44},"7":{"name":"useBooks","decl":{"start":{"line":55,"column":16},"end":{"line":55,"column":24}},"loc":{"start":{"line":55,"column":60},"end":{"line":82,"column":1}},"line":55},"8":{"name":"(anonymous_8)","decl":{"start":{"line":59,"column":19},"end":{"line":59,"column":20}},"loc":{"start":{"line":59,"column":29},"end":{"line":59,"column":57}},"line":59},"9":{"name":"(anonymous_9)","decl":{"start":{"line":64,"column":26},"end":{"line":64,"column":27}},"loc":{"start":{"line":64,"column":33},"end":{"line":64,"column":55}},"line":64},"10":{"name":"(anonymous_10)","decl":{"start":{"line":65,"column":28},"end":{"line":65,"column":29}},"loc":{"start":{"line":65,"column":35},"end":{"line":65,"column":57}},"line":65},"11":{"name":"(anonymous_11)","decl":{"start":{"line":66,"column":23},"end":{"line":66,"column":24}},"loc":{"start":{"line":66,"column":30},"end":{"line":66,"column":49}},"line":66},"12":{"name":"useBookOperations","decl":{"start":{"line":87,"column":16},"end":{"line":87,"column":33}},"loc":{"start":{"line":87,"column":36},"end":{"line":149,"column":1}},"line":87},"13":{"name":"(anonymous_13)","decl":{"start":{"line":88,"column":32},"end":{"line":88,"column":33}},"loc":{"start":{"line":88,"column":39},"end":{"line":88,"column":47}},"line":88},"14":{"name":"(anonymous_14)","decl":{"start":{"line":89,"column":42},"end":{"line":89,"column":43}},"loc":{"start":{"line":89,"column":49},"end":{"line":89,"column":67}},"line":89},"15":{"name":"(anonymous_15)","decl":{"start":{"line":92,"column":4},"end":{"line":92,"column":5}},"loc":{"start":{"line":92,"column":62},"end":{"line":98,"column":5}},"line":92},"16":{"name":"(anonymous_16)","decl":{"start":{"line":103,"column":4},"end":{"line":103,"column":5}},"loc":{"start":{"line":103,"column":51},"end":{"line":108,"column":5}},"line":103},"17":{"name":"(anonymous_17)","decl":{"start":{"line":113,"column":4},"end":{"line":113,"column":5}},"loc":{"start":{"line":113,"column":30},"end":{"line":118,"column":5}},"line":113},"18":{"name":"(anonymous_18)","decl":{"start":{"line":123,"column":4},"end":{"line":123,"column":5}},"loc":{"start":{"line":123,"column":50},"end":{"line":128,"column":5}},"line":123},"19":{"name":"(anonymous_19)","decl":{"start":{"line":133,"column":4},"end":{"line":133,"column":5}},"loc":{"start":{"line":133,"column":52},"end":{"line":138,"column":5}},"line":133}},"branchMap":{"0":{"loc":{"start":{"line":33,"column":4},"end":{"line":36,"column":5}},"type":"if","locations":[{"start":{"line":33,"column":4},"end":{"line":36,"column":5}},{"start":{},"end":{}}],"line":33},"1":{"loc":{"start":{"line":33,"column":8},"end":{"line":33,"column":36}},"type":"binary-expr","locations":[{"start":{"line":33,"column":8},"end":{"line":33,"column":15}},{"start":{"line":33,"column":19},"end":{"line":33,"column":36}}],"line":33},"2":{"loc":{"start":{"line":58,"column":24},"end":{"line":60,"column":11}},"type":"cond-expr","locations":[{"start":{"line":59,"column":6},"end":{"line":59,"column":58}},{"start":{"line":60,"column":6},"end":{"line":60,"column":11}}],"line":58},"3":{"loc":{"start":{"line":58,"column":24},"end":{"line":58,"column":62}},"type":"binary-expr","locations":[{"start":{"line":58,"column":24},"end":{"line":58,"column":36}},{"start":{"line":58,"column":40},"end":{"line":58,"column":62}}],"line":58},"4":{"loc":{"start":{"line":93,"column":6},"end":{"line":93,"column":55}},"type":"if","locations":[{"start":{"line":93,"column":6},"end":{"line":93,"column":55}},{"start":{},"end":{}}],"line":93},"5":{"loc":{"start":{"line":94,"column":6},"end":{"line":94,"column":67}},"type":"if","locations":[{"start":{"line":94,"column":6},"end":{"line":94,"column":67}},{"start":{},"end":{}}],"line":94},"6":{"loc":{"start":{"line":104,"column":6},"end":{"line":104,"column":55}},"type":"if","locations":[{"start":{"line":104,"column":6},"end":{"line":104,"column":55}},{"start":{},"end":{}}],"line":104},"7":{"loc":{"start":{"line":105,"column":6},"end":{"line":105,"column":67}},"type":"if","locations":[{"start":{"line":105,"column":6},"end":{"line":105,"column":67}},{"start":{},"end":{}}],"line":105},"8":{"loc":{"start":{"line":114,"column":6},"end":{"line":114,"column":55}},"type":"if","locations":[{"start":{"line":114,"column":6},"end":{"line":114,"column":55}},{"start":{},"end":{}}],"line":114},"9":{"loc":{"start":{"line":115,"column":6},"end":{"line":115,"column":67}},"type":"if","locations":[{"start":{"line":115,"column":6},"end":{"line":115,"column":67}},{"start":{},"end":{}}],"line":115},"10":{"loc":{"start":{"line":124,"column":6},"end":{"line":124,"column":55}},"type":"if","locations":[{"start":{"line":124,"column":6},"end":{"line":124,"column":55}},{"start":{},"end":{}}],"line":124},"11":{"loc":{"start":{"line":125,"column":6},"end":{"line":125,"column":67}},"type":"if","locations":[{"start":{"line":125,"column":6},"end":{"line":125,"column":67}},{"start":{},"end":{}}],"line":125},"12":{"loc":{"start":{"line":134,"column":6},"end":{"line":134,"column":55}},"type":"if","locations":[{"start":{"line":134,"column":6},"end":{"line":134,"column":55}},{"start":{},"end":{}}],"line":134},"13":{"loc":{"start":{"line":135,"column":6},"end":{"line":135,"column":67}},"type":"if","locations":[{"start":{"line":135,"column":6},"end":{"line":135,"column":67}},{"start":{},"end":{}}],"line":135}},"s":{"0":20,"1":60,"2":20,"3":60,"4":20,"5":20,"6":10,"7":2,"8":2,"9":8,"10":8,"11":8,"12":6,"13":8,"14":8,"15":20,"16":12,"17":12,"18":12,"19":12,"20":24,"21":24,"22":24,"23":12,"24":6,"25":18,"26":6,"27":18,"28":6,"29":3,"30":1,"31":2,"32":1,"33":1,"34":1,"35":6,"36":1,"37":0,"38":1,"39":0,"40":1,"41":6,"42":1,"43":0,"44":1,"45":0,"46":1,"47":6,"48":1,"49":0,"50":1,"51":0,"52":1,"53":6,"54":0,"55":0,"56":0,"57":0,"58":0,"59":6},"f":{"0":20,"1":60,"2":60,"3":10,"4":8,"5":6,"6":8,"7":12,"8":12,"9":24,"10":24,"11":24,"12":6,"13":18,"14":18,"15":3,"16":1,"17":1,"18":1,"19":0},"b":{"0":[2,8],"1":[10,9],"2":[6,6],"3":[12,8],"4":[1,2],"5":[1,1],"6":[0,1],"7":[0,1],"8":[0,1],"9":[0,1],"10":[0,1],"11":[0,1],"12":[0,0],"13":[0,0]},"_coverageSchema":"1a1c01bbd47fc00a2c39e90264f33305004495a9","hash":"c5826b0a4dca927ab1561552031754adafe9f510"}
,"/Users/uri/dev/BookApp/mobile/android/hooks/use-color-scheme.ts": {"path":"/Users/uri/dev/BookApp/mobile/android/hooks/use-color-scheme.ts","statementMap":{},"fnMap":{},"branchMap":{},"s":{},"f":{},"b":{}}
,"/Users/uri/dev/BookApp/mobile/android/hooks/use-color-scheme.web.ts": {"path":"/Users/uri/dev/BookApp/mobile/android/hooks/use-color-scheme.web.ts","statementMap":{"0":{"start":{"line":8,"column":40},"end":{"line":8,"column":55}},"1":{"start":{"line":10,"column":2},"end":{"line":12,"column":9}},"2":{"start":{"line":11,"column":4},"end":{"line":11,"column":25}},"3":{"start":{"line":14,"column":22},"end":{"line":14,"column":40}},"4":{"start":{"line":16,"column":2},"end":{"line":18,"column":3}},"5":{"start":{"line":17,"column":4},"end":{"line":17,"column":23}},"6":{"start":{"line":20,"column":2},"end":{"line":20,"column":17}}},"fnMap":{"0":{"name":"useColorScheme","decl":{"start":{"line":7,"column":16},"end":{"line":7,"column":30}},"loc":{"start":{"line":7,"column":33},"end":{"line":21,"column":1}},"line":7},"1":{"name":"(anonymous_1)","decl":{"start":{"line":10,"column":12},"end":{"line":10,"column":13}},"loc":{"start":{"line":10,"column":18},"end":{"line":12,"column":3}},"line":10}},"branchMap":{"0":{"loc":{"start":{"line":16,"column":2},"end":{"line":18,"column":3}},"type":"if","locations":[{"start":{"line":16,"column":2},"end":{"line":18,"column":3}},{"start":{},"end":{}}],"line":16}},"s":{"0":0,"1":0,"2":0,"3":0,"4":0,"5":0,"6":0},"f":{"0":0,"1":0},"b":{"0":[0,0]}}
,"/Users/uri/dev/BookApp/mobile/android/hooks/use-family.ts": {"path":"/Users/uri/dev/BookApp/mobile/android/hooks/use-family.ts","statementMap":{"0":{"start":{"line":20,"column":15},"end":{"line":20,"column":42}},"1":{"start":{"line":20,"column":35},"end":{"line":20,"column":41}},"2":{"start":{"line":21,"column":58},"end":{"line":21,"column":74}},"3":{"start":{"line":23,"column":2},"end":{"line":78,"column":58}},"4":{"start":{"line":24,"column":4},"end":{"line":28,"column":5}},"5":{"start":{"line":26,"column":6},"end":{"line":26,"column":40}},"6":{"start":{"line":27,"column":6},"end":{"line":27,"column":13}},"7":{"start":{"line":30,"column":50},"end":{"line":30,"column":54}},"8":{"start":{"line":33,"column":6},"end":{"line":33,"column":23}},"9":{"start":{"line":34,"column":6},"end":{"line":34,"column":21}},"10":{"start":{"line":36,"column":6},"end":{"line":70,"column":7}},"11":{"start":{"line":38,"column":21},"end":{"line":38,"column":54}},"12":{"start":{"line":40,"column":8},"end":{"line":55,"column":9}},"13":{"start":{"line":42,"column":29},"end":{"line":44,"column":25}},"14":{"start":{"line":45,"column":27},"end":{"line":48,"column":12}},"15":{"start":{"line":49,"column":10},"end":{"line":54,"column":12}},"16":{"start":{"line":57,"column":8},"end":{"line":57,"column":26}},"17":{"start":{"line":60,"column":8},"end":{"line":62,"column":11}},"18":{"start":{"line":61,"column":10},"end":{"line":61,"column":30}},"19":{"start":{"line":65,"column":10},"end":{"line":65,"column":74}},"20":{"start":{"line":66,"column":8},"end":{"line":66,"column":26}},"21":{"start":{"line":67,"column":8},"end":{"line":67,"column":61}},"22":{"start":{"line":69,"column":8},"end":{"line":69,"column":26}},"23":{"start":{"line":73,"column":4},"end":{"line":73,"column":23}},"24":{"start":{"line":75,"column":4},"end":{"line":77,"column":6}},"25":{"start":{"line":76,"column":6},"end":{"line":76,"column":29}},"26":{"start":{"line":85,"column":17},"end":{"line":85,"column":48}},"27":{"start":{"line":85,"column":39},"end":{"line":85,"column":47}},"28":{"start":{"line":87,"column":20},"end":{"line":115,"column":3}},"29":{"start":{"line":89,"column":6},"end":{"line":89,"column":55}},"30":{"start":{"line":89,"column":19},"end":{"line":89,"column":55}},"31":{"start":{"line":92,"column":23},"end":{"line":95,"column":8}},"32":{"start":{"line":98,"column":6},"end":{"line":110,"column":7}},"33":{"start":{"line":99,"column":8},"end":{"line":109,"column":9}},"34":{"start":{"line":100,"column":28},"end":{"line":104,"column":11}},"35":{"start":{"line":105,"column":10},"end":{"line":105,"column":65}},"36":{"start":{"line":107,"column":10},"end":{"line":107,"column":59}},"37":{"start":{"line":112,"column":6},"end":{"line":112,"column":22}},"38":{"start":{"line":117,"column":21},"end":{"line":160,"column":3}},"39":{"start":{"line":123,"column":6},"end":{"line":123,"column":55}},"40":{"start":{"line":123,"column":19},"end":{"line":123,"column":55}},"41":{"start":{"line":125,"column":42},"end":{"line":125,"column":44}},"42":{"start":{"line":127,"column":6},"end":{"line":129,"column":7}},"43":{"start":{"line":128,"column":8},"end":{"line":128,"column":36}},"44":{"start":{"line":131,"column":6},"end":{"line":133,"column":7}},"45":{"start":{"line":132,"column":8},"end":{"line":132,"column":38}},"46":{"start":{"line":136,"column":6},"end":{"line":153,"column":7}},"47":{"start":{"line":137,"column":8},"end":{"line":152,"column":9}},"48":{"start":{"line":139,"column":10},"end":{"line":141,"column":11}},"49":{"start":{"line":140,"column":12},"end":{"line":140,"column":47}},"50":{"start":{"line":143,"column":28},"end":{"line":147,"column":11}},"51":{"start":{"line":148,"column":10},"end":{"line":148,"column":43}},"52":{"start":{"line":150,"column":10},"end":{"line":150,"column":59}},"53":{"start":{"line":155,"column":6},"end":{"line":157,"column":7}},"54":{"start":{"line":156,"column":8},"end":{"line":156,"column":60}},"55":{"start":{"line":162,"column":23},"end":{"line":178,"column":3}},"56":{"start":{"line":164,"column":6},"end":{"line":164,"column":55}},"57":{"start":{"line":164,"column":19},"end":{"line":164,"column":55}},"58":{"start":{"line":167,"column":6},"end":{"line":173,"column":7}},"59":{"start":{"line":168,"column":8},"end":{"line":172,"column":9}},"60":{"start":{"line":169,"column":10},"end":{"line":169,"column":38}},"61":{"start":{"line":171,"column":10},"end":{"line":171,"column":59}},"62":{"start":{"line":175,"column":6},"end":{"line":175,"column":46}},"63":{"start":{"line":180,"column":2},"end":{"line":184,"column":4}},"64":{"start":{"line":191,"column":17},"end":{"line":191,"column":48}},"65":{"start":{"line":191,"column":39},"end":{"line":191,"column":47}},"66":{"start":{"line":192,"column":18},"end":{"line":192,"column":50}},"67":{"start":{"line":192,"column":40},"end":{"line":192,"column":49}},"68":{"start":{"line":193,"column":20},"end":{"line":193,"column":54}},"69":{"start":{"line":193,"column":42},"end":{"line":193,"column":53}},"70":{"start":{"line":194,"column":16},"end":{"line":194,"column":46}},"71":{"start":{"line":194,"column":38},"end":{"line":194,"column":45}},"72":{"start":{"line":195,"column":27},"end":{"line":195,"column":68}},"73":{"start":{"line":195,"column":49},"end":{"line":195,"column":67}},"74":{"start":{"line":196,"column":30},"end":{"line":196,"column":74}},"75":{"start":{"line":196,"column":52},"end":{"line":196,"column":73}},"76":{"start":{"line":198,"column":25},"end":{"line":198,"column":79}},"77":{"start":{"line":198,"column":45},"end":{"line":198,"column":70}},"78":{"start":{"line":200,"column":2},"end":{"line":208,"column":4}}},"fnMap":{"0":{"name":"useFamilyListener","decl":{"start":{"line":19,"column":16},"end":{"line":19,"column":33}},"loc":{"start":{"line":19,"column":36},"end":{"line":79,"column":1}},"line":19},"1":{"name":"(anonymous_1)","decl":{"start":{"line":20,"column":28},"end":{"line":20,"column":29}},"loc":{"start":{"line":20,"column":35},"end":{"line":20,"column":41}},"line":20},"2":{"name":"(anonymous_2)","decl":{"start":{"line":23,"column":12},"end":{"line":23,"column":13}},"loc":{"start":{"line":23,"column":18},"end":{"line":78,"column":3}},"line":23},"3":{"name":"initializeFamily","decl":{"start":{"line":32,"column":19},"end":{"line":32,"column":35}},"loc":{"start":{"line":32,"column":38},"end":{"line":71,"column":5}},"line":32},"4":{"name":"(anonymous_4)","decl":{"start":{"line":60,"column":58},"end":{"line":60,"column":59}},"loc":{"start":{"line":60,"column":71},"end":{"line":62,"column":9}},"line":60},"5":{"name":"(anonymous_5)","decl":{"start":{"line":75,"column":11},"end":{"line":75,"column":12}},"loc":{"start":{"line":75,"column":17},"end":{"line":77,"column":5}},"line":75},"6":{"name":"useMemberOperations","decl":{"start":{"line":84,"column":16},"end":{"line":84,"column":35}},"loc":{"start":{"line":84,"column":38},"end":{"line":185,"column":1}},"line":84},"7":{"name":"(anonymous_7)","decl":{"start":{"line":85,"column":32},"end":{"line":85,"column":33}},"loc":{"start":{"line":85,"column":39},"end":{"line":85,"column":47}},"line":85},"8":{"name":"(anonymous_8)","decl":{"start":{"line":88,"column":4},"end":{"line":88,"column":5}},"loc":{"start":{"line":88,"column":73},"end":{"line":113,"column":5}},"line":88},"9":{"name":"(anonymous_9)","decl":{"start":{"line":118,"column":4},"end":{"line":118,"column":5}},"loc":{"start":{"line":122,"column":9},"end":{"line":158,"column":5}},"line":122},"10":{"name":"(anonymous_10)","decl":{"start":{"line":163,"column":4},"end":{"line":163,"column":5}},"loc":{"start":{"line":163,"column":52},"end":{"line":176,"column":5}},"line":163},"11":{"name":"useFamily","decl":{"start":{"line":190,"column":16},"end":{"line":190,"column":25}},"loc":{"start":{"line":190,"column":28},"end":{"line":209,"column":1}},"line":190},"12":{"name":"(anonymous_12)","decl":{"start":{"line":191,"column":32},"end":{"line":191,"column":33}},"loc":{"start":{"line":191,"column":39},"end":{"line":191,"column":47}},"line":191},"13":{"name":"(anonymous_13)","decl":{"start":{"line":192,"column":33},"end":{"line":192,"column":34}},"loc":{"start":{"line":192,"column":40},"end":{"line":192,"column":49}},"line":192},"14":{"name":"(anonymous_14)","decl":{"start":{"line":193,"column":35},"end":{"line":193,"column":36}},"loc":{"start":{"line":193,"column":42},"end":{"line":193,"column":53}},"line":193},"15":{"name":"(anonymous_15)","decl":{"start":{"line":194,"column":31},"end":{"line":194,"column":32}},"loc":{"start":{"line":194,"column":38},"end":{"line":194,"column":45}},"line":194},"16":{"name":"(anonymous_16)","decl":{"start":{"line":195,"column":42},"end":{"line":195,"column":43}},"loc":{"start":{"line":195,"column":49},"end":{"line":195,"column":67}},"line":195},"17":{"name":"(anonymous_17)","decl":{"start":{"line":196,"column":45},"end":{"line":196,"column":46}},"loc":{"start":{"line":196,"column":52},"end":{"line":196,"column":73}},"line":196},"18":{"name":"(anonymous_18)","decl":{"start":{"line":198,"column":38},"end":{"line":198,"column":39}},"loc":{"start":{"line":198,"column":45},"end":{"line":198,"column":70}},"line":198}},"branchMap":{"0":{"loc":{"start":{"line":24,"column":4},"end":{"line":28,"column":5}},"type":"if","locations":[{"start":{"line":24,"column":4},"end":{"line":28,"column":5}},{"start":{},"end":{}}],"line":24},"1":{"loc":{"start":{"line":40,"column":8},"end":{"line":55,"column":9}},"type":"if","locations":[{"start":{"line":40,"column":8},"end":{"line":55,"column":9}},{"start":{},"end":{}}],"line":40},"2":{"loc":{"start":{"line":42,"column":29},"end":{"line":44,"column":25}},"type":"cond-expr","locations":[{"start":{"line":43,"column":14},"end":{"line":43,"column":45}},{"start":{"line":44,"column":14},"end":{"line":44,"column":25}}],"line":42},"3":{"loc":{"start":{"line":65,"column":10},"end":{"line":65,"column":74}},"type":"cond-expr","locations":[{"start":{"line":65,"column":35},"end":{"line":65,"column":48}},{"start":{"line":65,"column":51},"end":{"line":65,"column":74}}],"line":65},"4":{"loc":{"start":{"line":89,"column":6},"end":{"line":89,"column":55}},"type":"if","locations":[{"start":{"line":89,"column":6},"end":{"line":89,"column":55}},{"start":{},"end":{}}],"line":89},"5":{"loc":{"start":{"line":98,"column":6},"end":{"line":110,"column":7}},"type":"if","locations":[{"start":{"line":98,"column":6},"end":{"line":110,"column":7}},{"start":{},"end":{}}],"line":98},"6":{"loc":{"start":{"line":123,"column":6},"end":{"line":123,"column":55}},"type":"if","locations":[{"start":{"line":123,"column":6},"end":{"line":123,"column":55}},{"start":{},"end":{}}],"line":123},"7":{"loc":{"start":{"line":127,"column":6},"end":{"line":129,"column":7}},"type":"if","locations":[{"start":{"line":127,"column":6},"end":{"line":129,"column":7}},{"start":{},"end":{}}],"line":127},"8":{"loc":{"start":{"line":131,"column":6},"end":{"line":133,"column":7}},"type":"if","locations":[{"start":{"line":131,"column":6},"end":{"line":133,"column":7}},{"start":{},"end":{}}],"line":131},"9":{"loc":{"start":{"line":136,"column":6},"end":{"line":153,"column":7}},"type":"if","locations":[{"start":{"line":136,"column":6},"end":{"line":153,"column":7}},{"start":{},"end":{}}],"line":136},"10":{"loc":{"start":{"line":139,"column":10},"end":{"line":141,"column":11}},"type":"if","locations":[{"start":{"line":139,"column":10},"end":{"line":141,"column":11}},{"start":{},"end":{}}],"line":139},"11":{"loc":{"start":{"line":155,"column":6},"end":{"line":157,"column":7}},"type":"if","locations":[{"start":{"line":155,"column":6},"end":{"line":157,"column":7}},{"start":{},"end":{}}],"line":155},"12":{"loc":{"start":{"line":164,"column":6},"end":{"line":164,"column":55}},"type":"if","locations":[{"start":{"line":164,"column":6},"end":{"line":164,"column":55}},{"start":{},"end":{}}],"line":164},"13":{"loc":{"start":{"line":167,"column":6},"end":{"line":173,"column":7}},"type":"if","locations":[{"start":{"line":167,"column":6},"end":{"line":173,"column":7}},{"start":{},"end":{}}],"line":167},"14":{"loc":{"start":{"line":198,"column":25},"end":{"line":198,"column":79}},"type":"binary-expr","locations":[{"start":{"line":198,"column":25},"end":{"line":198,"column":71}},{"start":{"line":198,"column":75},"end":{"line":198,"column":79}}],"line":198}},"s":{"0":0,"1":0,"2":0,"3":0,"4":0,"5":0,"6":0,"7":0,"8":0,"9":0,"10":0,"11":0,"12":0,"13":0,"14":0,"15":0,"16":0,"17":0,"18":0,"19":0,"20":0,"21":0,"22":0,"23":0,"24":0,"25":0,"26":0,"27":0,"28":0,"29":0,"30":0,"31":0,"32":0,"33":0,"34":0,"35":0,"36":0,"37":0,"38":0,"39":0,"40":0,"41":0,"42":0,"43":0,"44":0,"45":0,"46":0,"47":0,"48":0,"49":0,"50":0,"51":0,"52":0,"53":0,"54":0,"55":0,"56":0,"57":0,"58":0,"59":0,"60":0,"61":0,"62":0,"63":0,"64":0,"65":0,"66":0,"67":0,"68":0,"69":0,"70":0,"71":0,"72":0,"73":0,"74":0,"75":0,"76":0,"77":0,"78":0},"f":{"0":0,"1":0,"2":0,"3":0,"4":0,"5":0,"6":0,"7":0,"8":0,"9":0,"10":0,"11":0,"12":0,"13":0,"14":0,"15":0,"16":0,"17":0,"18":0},"b":{"0":[0,0],"1":[0,0],"2":[0,0],"3":[0,0],"4":[0,0],"5":[0,0],"6":[0,0],"7":[0,0],"8":[0,0],"9":[0,0],"10":[0,0],"11":[0,0],"12":[0,0],"13":[0,0],"14":[0,0]}}
,"/Users/uri/dev/BookApp/mobile/android/hooks/use-theme-color.ts": {"path":"/Users/uri/dev/BookApp/mobile/android/hooks/use-theme-color.ts","statementMap":{"0":{"start":{"line":13,"column":16},"end":{"line":13,"column":43}},"1":{"start":{"line":14,"column":25},"end":{"line":14,"column":37}},"2":{"start":{"line":16,"column":2},"end":{"line":20,"column":3}},"3":{"start":{"line":17,"column":4},"end":{"line":17,"column":26}},"4":{"start":{"line":19,"column":4},"end":{"line":19,"column":36}}},"fnMap":{"0":{"name":"useThemeColor","decl":{"start":{"line":9,"column":16},"end":{"line":9,"column":29}},"loc":{"start":{"line":12,"column":2},"end":{"line":21,"column":1}},"line":12}},"branchMap":{"0":{"loc":{"start":{"line":13,"column":16},"end":{"line":13,"column":43}},"type":"binary-expr","locations":[{"start":{"line":13,"column":16},"end":{"line":13,"column":32}},{"start":{"line":13,"column":36},"end":{"line":13,"column":43}}],"line":13},"1":{"loc":{"start":{"line":16,"column":2},"end":{"line":20,"column":3}},"type":"if","locations":[{"start":{"line":16,"column":2},"end":{"line":20,"column":3}},{"start":{"line":18,"column":9},"end":{"line":20,"column":3}}],"line":16}},"s":{"0":0,"1":0,"2":0,"3":0,"4":0},"f":{"0":0},"b":{"0":[0,0],"1":[0,0]}}
,"/Users/uri/dev/BookApp/mobile/android/lib/firebase.ts": {"path":"/Users/uri/dev/BookApp/mobile/android/lib/firebase.ts","statementMap":{},"fnMap":{},"branchMap":{},"s":{},"f":{},"b":{}}
,"/Users/uri/dev/BookApp/mobile/android/lib/firestore.ts": {"path":"/Users/uri/dev/BookApp/mobile/android/lib/firestore.ts","statementMap":{"0":{"start":{"line":9,"column":34},"end":{"line":9,"column":74}},"1":{"start":{"line":9,"column":40},"end":{"line":9,"column":74}},"2":{"start":{"line":10,"column":33},"end":{"line":11,"column":72}},"3":{"start":{"line":11,"column":2},"end":{"line":11,"column":72}},"4":{"start":{"line":12,"column":31},"end":{"line":13,"column":106}},"5":{"start":{"line":13,"column":2},"end":{"line":13,"column":106}},"6":{"start":{"line":14,"column":32},"end":{"line":15,"column":107}},"7":{"start":{"line":15,"column":2},"end":{"line":15,"column":107}},"8":{"start":{"line":18,"column":31},"end":{"line":18,"column":75}},"9":{"start":{"line":18,"column":37},"end":{"line":18,"column":75}},"10":{"start":{"line":22,"column":17},"end":{"line":25,"column":4}},"11":{"start":{"line":26,"column":2},"end":{"line":26,"column":19}},"12":{"start":{"line":30,"column":14},"end":{"line":30,"column":60}},"13":{"start":{"line":31,"column":2},"end":{"line":31,"column":31}},"14":{"start":{"line":31,"column":19},"end":{"line":31,"column":31}},"15":{"start":{"line":32,"column":2},"end":{"line":32,"column":49}},"16":{"start":{"line":36,"column":19},"end":{"line":39,"column":10}},"17":{"start":{"line":41,"column":2},"end":{"line":41,"column":34}},"18":{"start":{"line":41,"column":22},"end":{"line":41,"column":34}},"19":{"start":{"line":42,"column":14},"end":{"line":42,"column":30}},"20":{"start":{"line":43,"column":2},"end":{"line":43,"column":49}},"21":{"start":{"line":48,"column":17},"end":{"line":51,"column":4}},"22":{"start":{"line":52,"column":2},"end":{"line":52,"column":19}},"23":{"start":{"line":56,"column":19},"end":{"line":56,"column":58}},"24":{"start":{"line":57,"column":2},"end":{"line":57,"column":97}},"25":{"start":{"line":57,"column":54},"end":{"line":57,"column":95}},"26":{"start":{"line":61,"column":14},"end":{"line":61,"column":67}},"27":{"start":{"line":62,"column":2},"end":{"line":62,"column":31}},"28":{"start":{"line":62,"column":19},"end":{"line":62,"column":31}},"29":{"start":{"line":63,"column":2},"end":{"line":63,"column":49}},"30":{"start":{"line":67,"column":32},"end":{"line":67,"column":36}},"31":{"start":{"line":68,"column":2},"end":{"line":68,"column":69}},"32":{"start":{"line":72,"column":2},"end":{"line":72,"column":59}},"33":{"start":{"line":82,"column":20},"end":{"line":84,"column":3}},"34":{"start":{"line":83,"column":48},"end":{"line":83,"column":67}},"35":{"start":{"line":86,"column":17},"end":{"line":90,"column":4}},"36":{"start":{"line":91,"column":2},"end":{"line":91,"column":19}},"37":{"start":{"line":95,"column":19},"end":{"line":97,"column":10}},"38":{"start":{"line":98,"column":2},"end":{"line":98,"column":95}},"39":{"start":{"line":98,"column":54},"end":{"line":98,"column":93}},"40":{"start":{"line":106,"column":19},"end":{"line":109,"column":10}},"41":{"start":{"line":110,"column":2},"end":{"line":110,"column":95}},"42":{"start":{"line":110,"column":54},"end":{"line":110,"column":93}},"43":{"start":{"line":114,"column":14},"end":{"line":114,"column":73}},"44":{"start":{"line":115,"column":2},"end":{"line":115,"column":31}},"45":{"start":{"line":115,"column":19},"end":{"line":115,"column":31}},"46":{"start":{"line":116,"column":2},"end":{"line":116,"column":47}},"47":{"start":{"line":125,"column":32},"end":{"line":125,"column":36}},"48":{"start":{"line":126,"column":2},"end":{"line":126,"column":75}},"49":{"start":{"line":130,"column":2},"end":{"line":130,"column":65}},"50":{"start":{"line":139,"column":17},"end":{"line":142,"column":4}},"51":{"start":{"line":143,"column":2},"end":{"line":143,"column":19}},"52":{"start":{"line":147,"column":19},"end":{"line":147,"column":67}},"53":{"start":{"line":148,"column":2},"end":{"line":148,"column":97}},"54":{"start":{"line":148,"column":54},"end":{"line":148,"column":95}},"55":{"start":{"line":156,"column":14},"end":{"line":156,"column":76}},"56":{"start":{"line":157,"column":2},"end":{"line":157,"column":31}},"57":{"start":{"line":157,"column":19},"end":{"line":157,"column":31}},"58":{"start":{"line":158,"column":2},"end":{"line":158,"column":49}},"59":{"start":{"line":167,"column":32},"end":{"line":167,"column":36}},"60":{"start":{"line":168,"column":2},"end":{"line":168,"column":78}},"61":{"start":{"line":176,"column":2},"end":{"line":176,"column":68}},"62":{"start":{"line":184,"column":2},"end":{"line":187,"column":5}},"63":{"start":{"line":185,"column":20},"end":{"line":185,"column":107}},"64":{"start":{"line":185,"column":65},"end":{"line":185,"column":106}},"65":{"start":{"line":186,"column":4},"end":{"line":186,"column":22}},"66":{"start":{"line":195,"column":2},"end":{"line":200,"column":7}},"67":{"start":{"line":198,"column":20},"end":{"line":198,"column":105}},"68":{"start":{"line":198,"column":65},"end":{"line":198,"column":104}},"69":{"start":{"line":199,"column":6},"end":{"line":199,"column":22}},"70":{"start":{"line":208,"column":2},"end":{"line":211,"column":5}},"71":{"start":{"line":209,"column":19},"end":{"line":209,"column":106}},"72":{"start":{"line":209,"column":64},"end":{"line":209,"column":105}},"73":{"start":{"line":210,"column":4},"end":{"line":210,"column":21}}},"fnMap":{"0":{"name":"(anonymous_0)","decl":{"start":{"line":9,"column":34},"end":{"line":9,"column":35}},"loc":{"start":{"line":9,"column":40},"end":{"line":9,"column":74}},"line":9},"1":{"name":"(anonymous_1)","decl":{"start":{"line":10,"column":33},"end":{"line":10,"column":34}},"loc":{"start":{"line":11,"column":2},"end":{"line":11,"column":72}},"line":11},"2":{"name":"(anonymous_2)","decl":{"start":{"line":12,"column":31},"end":{"line":12,"column":32}},"loc":{"start":{"line":13,"column":2},"end":{"line":13,"column":106}},"line":13},"3":{"name":"(anonymous_3)","decl":{"start":{"line":14,"column":32},"end":{"line":14,"column":33}},"loc":{"start":{"line":15,"column":2},"end":{"line":15,"column":107}},"line":15},"4":{"name":"(anonymous_4)","decl":{"start":{"line":18,"column":31},"end":{"line":18,"column":32}},"loc":{"start":{"line":18,"column":37},"end":{"line":18,"column":75}},"line":18},"5":{"name":"createFamily","decl":{"start":{"line":21,"column":22},"end":{"line":21,"column":34}},"loc":{"start":{"line":21,"column":91},"end":{"line":27,"column":1}},"line":21},"6":{"name":"getFamily","decl":{"start":{"line":29,"column":22},"end":{"line":29,"column":31}},"loc":{"start":{"line":29,"column":74},"end":{"line":33,"column":1}},"line":29},"7":{"name":"getFamilyByOwner","decl":{"start":{"line":35,"column":22},"end":{"line":35,"column":38}},"loc":{"start":{"line":35,"column":80},"end":{"line":44,"column":1}},"line":35},"8":{"name":"createMember","decl":{"start":{"line":47,"column":22},"end":{"line":47,"column":34}},"loc":{"start":{"line":47,"column":108},"end":{"line":53,"column":1}},"line":47},"9":{"name":"getMembers","decl":{"start":{"line":55,"column":22},"end":{"line":55,"column":32}},"loc":{"start":{"line":55,"column":70},"end":{"line":58,"column":1}},"line":55},"10":{"name":"(anonymous_10)","decl":{"start":{"line":57,"column":27},"end":{"line":57,"column":28}},"loc":{"start":{"line":57,"column":54},"end":{"line":57,"column":95}},"line":57},"11":{"name":"getMember","decl":{"start":{"line":60,"column":22},"end":{"line":60,"column":31}},"loc":{"start":{"line":60,"column":92},"end":{"line":64,"column":1}},"line":60},"12":{"name":"updateMember","decl":{"start":{"line":66,"column":22},"end":{"line":66,"column":34}},"loc":{"start":{"line":66,"column":109},"end":{"line":69,"column":1}},"line":66},"13":{"name":"deleteMember","decl":{"start":{"line":71,"column":22},"end":{"line":71,"column":34}},"loc":{"start":{"line":71,"column":86},"end":{"line":73,"column":1}},"line":71},"14":{"name":"createBook","decl":{"start":{"line":76,"column":22},"end":{"line":76,"column":32}},"loc":{"start":{"line":80,"column":19},"end":{"line":92,"column":1}},"line":80},"15":{"name":"(anonymous_15)","decl":{"start":{"line":83,"column":32},"end":{"line":83,"column":33}},"loc":{"start":{"line":83,"column":48},"end":{"line":83,"column":67}},"line":83},"16":{"name":"getBooks","decl":{"start":{"line":94,"column":22},"end":{"line":94,"column":30}},"loc":{"start":{"line":94,"column":84},"end":{"line":99,"column":1}},"line":94},"17":{"name":"(anonymous_17)","decl":{"start":{"line":98,"column":27},"end":{"line":98,"column":28}},"loc":{"start":{"line":98,"column":54},"end":{"line":98,"column":93}},"line":98},"18":{"name":"getBooksByStatus","decl":{"start":{"line":101,"column":22},"end":{"line":101,"column":38}},"loc":{"start":{"line":105,"column":19},"end":{"line":111,"column":1}},"line":105},"19":{"name":"(anonymous_19)","decl":{"start":{"line":110,"column":27},"end":{"line":110,"column":28}},"loc":{"start":{"line":110,"column":54},"end":{"line":110,"column":93}},"line":110},"20":{"name":"getBook","decl":{"start":{"line":113,"column":22},"end":{"line":113,"column":29}},"loc":{"start":{"line":113,"column":104},"end":{"line":117,"column":1}},"line":113},"21":{"name":"updateBook","decl":{"start":{"line":119,"column":22},"end":{"line":119,"column":32}},"loc":{"start":{"line":124,"column":17},"end":{"line":127,"column":1}},"line":124},"22":{"name":"deleteBook","decl":{"start":{"line":129,"column":22},"end":{"line":129,"column":32}},"loc":{"start":{"line":129,"column":100},"end":{"line":131,"column":1}},"line":129},"23":{"name":"createSeries","decl":{"start":{"line":134,"column":22},"end":{"line":134,"column":34}},"loc":{"start":{"line":138,"column":19},"end":{"line":144,"column":1}},"line":138},"24":{"name":"getSeries","decl":{"start":{"line":146,"column":22},"end":{"line":146,"column":31}},"loc":{"start":{"line":146,"column":87},"end":{"line":149,"column":1}},"line":146},"25":{"name":"(anonymous_25)","decl":{"start":{"line":148,"column":27},"end":{"line":148,"column":28}},"loc":{"start":{"line":148,"column":54},"end":{"line":148,"column":95}},"line":148},"26":{"name":"getSeriesById","decl":{"start":{"line":151,"column":22},"end":{"line":151,"column":35}},"loc":{"start":{"line":155,"column":26},"end":{"line":159,"column":1}},"line":155},"27":{"name":"updateSeries","decl":{"start":{"line":161,"column":22},"end":{"line":161,"column":34}},"loc":{"start":{"line":166,"column":17},"end":{"line":169,"column":1}},"line":166},"28":{"name":"deleteSeries","decl":{"start":{"line":171,"column":22},"end":{"line":171,"column":34}},"loc":{"start":{"line":175,"column":17},"end":{"line":177,"column":1}},"line":175},"29":{"name":"onMembersSnapshot","decl":{"start":{"line":180,"column":16},"end":{"line":180,"column":33}},"loc":{"start":{"line":183,"column":14},"end":{"line":188,"column":1}},"line":183},"30":{"name":"(anonymous_30)","decl":{"start":{"line":184,"column":48},"end":{"line":184,"column":49}},"loc":{"start":{"line":184,"column":77},"end":{"line":187,"column":3}},"line":184},"31":{"name":"(anonymous_31)","decl":{"start":{"line":185,"column":38},"end":{"line":185,"column":39}},"loc":{"start":{"line":185,"column":65},"end":{"line":185,"column":106}},"line":185},"32":{"name":"onBooksSnapshot","decl":{"start":{"line":190,"column":16},"end":{"line":190,"column":31}},"loc":{"start":{"line":194,"column":14},"end":{"line":201,"column":1}},"line":194},"33":{"name":"(anonymous_33)","decl":{"start":{"line":197,"column":16},"end":{"line":197,"column":17}},"loc":{"start":{"line":197,"column":45},"end":{"line":200,"column":5}},"line":197},"34":{"name":"(anonymous_34)","decl":{"start":{"line":198,"column":38},"end":{"line":198,"column":39}},"loc":{"start":{"line":198,"column":65},"end":{"line":198,"column":104}},"line":198},"35":{"name":"onSeriesSnapshot","decl":{"start":{"line":203,"column":16},"end":{"line":203,"column":32}},"loc":{"start":{"line":207,"column":14},"end":{"line":212,"column":1}},"line":207},"36":{"name":"(anonymous_36)","decl":{"start":{"line":208,"column":57},"end":{"line":208,"column":58}},"loc":{"start":{"line":208,"column":86},"end":{"line":211,"column":3}},"line":208},"37":{"name":"(anonymous_37)","decl":{"start":{"line":209,"column":37},"end":{"line":209,"column":38}},"loc":{"start":{"line":209,"column":64},"end":{"line":209,"column":105}},"line":209}},"branchMap":{"0":{"loc":{"start":{"line":31,"column":2},"end":{"line":31,"column":31}},"type":"if","locations":[{"start":{"line":31,"column":2},"end":{"line":31,"column":31}},{"start":{},"end":{}}],"line":31},"1":{"loc":{"start":{"line":41,"column":2},"end":{"line":41,"column":34}},"type":"if","locations":[{"start":{"line":41,"column":2},"end":{"line":41,"column":34}},{"start":{},"end":{}}],"line":41},"2":{"loc":{"start":{"line":62,"column":2},"end":{"line":62,"column":31}},"type":"if","locations":[{"start":{"line":62,"column":2},"end":{"line":62,"column":31}},{"start":{},"end":{}}],"line":62},"3":{"loc":{"start":{"line":115,"column":2},"end":{"line":115,"column":31}},"type":"if","locations":[{"start":{"line":115,"column":2},"end":{"line":115,"column":31}},{"start":{},"end":{}}],"line":115},"4":{"loc":{"start":{"line":157,"column":2},"end":{"line":157,"column":31}},"type":"if","locations":[{"start":{"line":157,"column":2},"end":{"line":157,"column":31}},{"start":{},"end":{}}],"line":157}},"s":{"0":3,"1":3,"2":3,"3":2,"4":3,"5":7,"6":3,"7":2,"8":3,"9":7,"10":1,"11":1,"12":1,"13":1,"14":0,"15":1,"16":1,"17":1,"18":1,"19":0,"20":0,"21":1,"22":1,"23":1,"24":1,"25":0,"26":0,"27":0,"28":0,"29":0,"30":0,"31":0,"32":0,"33":6,"34":20,"35":6,"36":6,"37":1,"38":1,"39":0,"40":0,"41":0,"42":0,"43":0,"44":0,"45":0,"46":0,"47":0,"48":0,"49":0,"50":1,"51":1,"52":1,"53":1,"54":0,"55":0,"56":0,"57":0,"58":0,"59":0,"60":0,"61":0,"62":0,"63":0,"64":0,"65":0,"66":0,"67":0,"68":0,"69":0,"70":0,"71":0,"72":0,"73":0},"f":{"0":3,"1":2,"2":7,"3":2,"4":7,"5":1,"6":1,"7":1,"8":1,"9":1,"10":0,"11":0,"12":0,"13":0,"14":6,"15":20,"16":1,"17":0,"18":0,"19":0,"20":0,"21":0,"22":0,"23":1,"24":1,"25":0,"26":0,"27":0,"28":0,"29":0,"30":0,"31":0,"32":0,"33":0,"34":0,"35":0,"36":0,"37":0},"b":{"0":[0,1],"1":[1,0],"2":[0,0],"3":[0,0],"4":[0,0]},"_coverageSchema":"1a1c01bbd47fc00a2c39e90264f33305004495a9","hash":"5110e7b4a8191aea63b942d6ef40f4ad24134cfb"}
,"/Users/uri/dev/BookApp/mobile/android/lib/google-signin.ts": {"path":"/Users/uri/dev/BookApp/mobile/android/lib/google-signin.ts","statementMap":{"0":{"start":{"line":12,"column":2},"end":{"line":15,"column":5}}},"fnMap":{"0":{"name":"configureGoogleSignIn","decl":{"start":{"line":11,"column":16},"end":{"line":11,"column":37}},"loc":{"start":{"line":11,"column":59},"end":{"line":16,"column":1}},"line":11}},"branchMap":{},"s":{"0":0},"f":{"0":0},"b":{}}
,"/Users/uri/dev/BookApp/mobile/android/lib/storage.ts": {"path":"/Users/uri/dev/BookApp/mobile/android/lib/storage.ts","statementMap":{"0":{"start":{"line":10,"column":20},"end":{"line":10,"column":39}},"1":{"start":{"line":13,"column":2},"end":{"line":13,"column":31}},"2":{"start":{"line":16,"column":22},"end":{"line":16,"column":54}},"3":{"start":{"line":17,"column":2},"end":{"line":17,"column":21}},"4":{"start":{"line":32,"column":20},"end":{"line":32,"column":30}},"5":{"start":{"line":33,"column":15},"end":{"line":33,"column":81}},"6":{"start":{"line":34,"column":2},"end":{"line":34,"column":32}},"7":{"start":{"line":51,"column":20},"end":{"line":51,"column":30}},"8":{"start":{"line":52,"column":21},"end":{"line":52,"column":49}},"9":{"start":{"line":53,"column":15},"end":{"line":53,"column":100}},"10":{"start":{"line":54,"column":2},"end":{"line":54,"column":32}},"11":{"start":{"line":62,"column":2},"end":{"line":77,"column":3}},"12":{"start":{"line":65,"column":4},"end":{"line":69,"column":5}},"13":{"start":{"line":66,"column":6},"end":{"line":66,"column":45}},"14":{"start":{"line":68,"column":6},"end":{"line":68,"column":38}},"15":{"start":{"line":70,"column":4},"end":{"line":70,"column":29}},"16":{"start":{"line":73,"column":22},"end":{"line":73,"column":56}},"17":{"start":{"line":74,"column":4},"end":{"line":76,"column":5}},"18":{"start":{"line":75,"column":6},"end":{"line":75,"column":18}}},"fnMap":{"0":{"name":"uploadImage","decl":{"start":{"line":9,"column":22},"end":{"line":9,"column":33}},"loc":{"start":{"line":9,"column":78},"end":{"line":18,"column":1}},"line":9},"1":{"name":"uploadMemberAvatar","decl":{"start":{"line":27,"column":22},"end":{"line":27,"column":40}},"loc":{"start":{"line":31,"column":19},"end":{"line":35,"column":1}},"line":31},"2":{"name":"uploadBookCover","decl":{"start":{"line":45,"column":22},"end":{"line":45,"column":37}},"loc":{"start":{"line":50,"column":19},"end":{"line":55,"column":1}},"line":50},"3":{"name":"deleteFile","decl":{"start":{"line":61,"column":22},"end":{"line":61,"column":32}},"loc":{"start":{"line":61,"column":62},"end":{"line":78,"column":1}},"line":61}},"branchMap":{"0":{"loc":{"start":{"line":52,"column":21},"end":{"line":52,"column":49}},"type":"binary-expr","locations":[{"start":{"line":52,"column":21},"end":{"line":52,"column":27}},{"start":{"line":52,"column":31},"end":{"line":52,"column":49}}],"line":52},"1":{"loc":{"start":{"line":65,"column":4},"end":{"line":69,"column":5}},"type":"if","locations":[{"start":{"line":65,"column":4},"end":{"line":69,"column":5}},{"start":{"line":67,"column":11},"end":{"line":69,"column":5}}],"line":65},"2":{"loc":{"start":{"line":65,"column":8},"end":{"line":65,"column":63}},"type":"binary-expr","locations":[{"start":{"line":65,"column":8},"end":{"line":65,"column":35}},{"start":{"line":65,"column":39},"end":{"line":65,"column":63}}],"line":65},"3":{"loc":{"start":{"line":74,"column":4},"end":{"line":76,"column":5}},"type":"if","locations":[{"start":{"line":74,"column":4},"end":{"line":76,"column":5}},{"start":{},"end":{}}],"line":74}},"s":{"0":3,"1":3,"2":3,"3":3,"4":1,"5":1,"6":1,"7":1,"8":1,"9":1,"10":1,"11":4,"12":4,"13":2,"14":2,"15":4,"16":0,"17":0,"18":0},"f":{"0":3,"1":1,"2":1,"3":4},"b":{"0":[1,0],"1":[2,2],"2":[4,3],"3":[0,0]},"_coverageSchema":"1a1c01bbd47fc00a2c39e90264f33305004495a9","hash":"abfdd789473b7bf44b33aca58215845fceaa51b5"}
,"/Users/uri/dev/BookApp/mobile/android/stores/auth-store.ts": {"path":"/Users/uri/dev/BookApp/mobile/android/stores/auth-store.ts","statementMap":{"0":{"start":{"line":22,"column":28},"end":{"line":116,"column":3}},"1":{"start":{"line":22,"column":56},"end":{"line":116,"column":1}},"2":{"start":{"line":28,"column":21},"end":{"line":28,"column":34}},"3":{"start":{"line":29,"column":29},"end":{"line":29,"column":47}},"4":{"start":{"line":30,"column":37},"end":{"line":30,"column":59}},"5":{"start":{"line":31,"column":23},"end":{"line":31,"column":37}},"6":{"start":{"line":32,"column":20},"end":{"line":32,"column":40}},"7":{"start":{"line":36,"column":18},"end":{"line":36,"column":41}},"8":{"start":{"line":37,"column":4},"end":{"line":40,"column":5}},"9":{"start":{"line":38,"column":6},"end":{"line":38,"column":62}},"10":{"start":{"line":39,"column":6},"end":{"line":39,"column":13}},"11":{"start":{"line":42,"column":4},"end":{"line":96,"column":5}},"12":{"start":{"line":43,"column":6},"end":{"line":43,"column":44}},"13":{"start":{"line":46,"column":6},"end":{"line":46,"column":81}},"14":{"start":{"line":49,"column":6},"end":{"line":53,"column":7}},"15":{"start":{"line":50,"column":8},"end":{"line":50,"column":37}},"16":{"start":{"line":56,"column":27},"end":{"line":56,"column":54}},"17":{"start":{"line":59,"column":22},"end":{"line":59,"column":48}},"18":{"start":{"line":60,"column":6},"end":{"line":62,"column":7}},"19":{"start":{"line":61,"column":8},"end":{"line":61,"column":68}},"20":{"start":{"line":65,"column":31},"end":{"line":65,"column":74}},"21":{"start":{"line":68,"column":6},"end":{"line":68,"column":58}},"22":{"start":{"line":70,"column":6},"end":{"line":70,"column":52}},"23":{"start":{"line":72,"column":25},"end":{"line":72,"column":56}},"24":{"start":{"line":74,"column":6},"end":{"line":90,"column":7}},"25":{"start":{"line":75,"column":8},"end":{"line":87,"column":9}},"26":{"start":{"line":77,"column":12},"end":{"line":77,"column":51}},"27":{"start":{"line":78,"column":12},"end":{"line":78,"column":18}},"28":{"start":{"line":80,"column":12},"end":{"line":80,"column":60}},"29":{"start":{"line":81,"column":12},"end":{"line":81,"column":18}},"30":{"start":{"line":83,"column":12},"end":{"line":83,"column":64}},"31":{"start":{"line":84,"column":12},"end":{"line":84,"column":18}},"32":{"start":{"line":86,"column":12},"end":{"line":86,"column":75}},"33":{"start":{"line":88,"column":13},"end":{"line":90,"column":7}},"34":{"start":{"line":89,"column":8},"end":{"line":89,"column":37}},"35":{"start":{"line":92,"column":6},"end":{"line":92,"column":35}},"36":{"start":{"line":93,"column":6},"end":{"line":93,"column":18}},"37":{"start":{"line":95,"column":6},"end":{"line":95,"column":32}},"38":{"start":{"line":100,"column":4},"end":{"line":114,"column":5}},"39":{"start":{"line":101,"column":6},"end":{"line":101,"column":44}},"40":{"start":{"line":104,"column":6},"end":{"line":104,"column":35}},"41":{"start":{"line":107,"column":6},"end":{"line":107,"column":29}},"42":{"start":{"line":109,"column":27},"end":{"line":109,"column":88}},"43":{"start":{"line":110,"column":6},"end":{"line":110,"column":35}},"44":{"start":{"line":111,"column":6},"end":{"line":111,"column":18}},"45":{"start":{"line":113,"column":6},"end":{"line":113,"column":32}}},"fnMap":{"0":{"name":"(anonymous_0)","decl":{"start":{"line":22,"column":46},"end":{"line":22,"column":47}},"loc":{"start":{"line":22,"column":56},"end":{"line":116,"column":1}},"line":22},"1":{"name":"(anonymous_1)","decl":{"start":{"line":28,"column":11},"end":{"line":28,"column":12}},"loc":{"start":{"line":28,"column":21},"end":{"line":28,"column":34}},"line":28},"2":{"name":"(anonymous_2)","decl":{"start":{"line":29,"column":14},"end":{"line":29,"column":15}},"loc":{"start":{"line":29,"column":29},"end":{"line":29,"column":47}},"line":29},"3":{"name":"(anonymous_3)","decl":{"start":{"line":30,"column":18},"end":{"line":30,"column":19}},"loc":{"start":{"line":30,"column":37},"end":{"line":30,"column":59}},"line":30},"4":{"name":"(anonymous_4)","decl":{"start":{"line":31,"column":12},"end":{"line":31,"column":13}},"loc":{"start":{"line":31,"column":23},"end":{"line":31,"column":37}},"line":31},"5":{"name":"(anonymous_5)","decl":{"start":{"line":32,"column":14},"end":{"line":32,"column":15}},"loc":{"start":{"line":32,"column":20},"end":{"line":32,"column":40}},"line":32},"6":{"name":"(anonymous_6)","decl":{"start":{"line":34,"column":20},"end":{"line":34,"column":21}},"loc":{"start":{"line":34,"column":32},"end":{"line":97,"column":3}},"line":34},"7":{"name":"(anonymous_7)","decl":{"start":{"line":99,"column":11},"end":{"line":99,"column":12}},"loc":{"start":{"line":99,"column":23},"end":{"line":115,"column":3}},"line":99}},"branchMap":{"0":{"loc":{"start":{"line":37,"column":4},"end":{"line":40,"column":5}},"type":"if","locations":[{"start":{"line":37,"column":4},"end":{"line":40,"column":5}},{"start":{},"end":{}}],"line":37},"1":{"loc":{"start":{"line":60,"column":6},"end":{"line":62,"column":7}},"type":"if","locations":[{"start":{"line":60,"column":6},"end":{"line":62,"column":7}},{"start":{},"end":{}}],"line":60},"2":{"loc":{"start":{"line":74,"column":6},"end":{"line":90,"column":7}},"type":"if","locations":[{"start":{"line":74,"column":6},"end":{"line":90,"column":7}},{"start":{"line":88,"column":13},"end":{"line":90,"column":7}}],"line":74},"3":{"loc":{"start":{"line":75,"column":8},"end":{"line":87,"column":9}},"type":"switch","locations":[{"start":{"line":76,"column":10},"end":{"line":78,"column":18}},{"start":{"line":79,"column":10},"end":{"line":81,"column":18}},{"start":{"line":82,"column":10},"end":{"line":84,"column":18}},{"start":{"line":85,"column":10},"end":{"line":86,"column":75}}],"line":75},"4":{"loc":{"start":{"line":86,"column":27},"end":{"line":86,"column":74}},"type":"binary-expr","locations":[{"start":{"line":86,"column":27},"end":{"line":86,"column":40}},{"start":{"line":86,"column":44},"end":{"line":86,"column":74}}],"line":86},"5":{"loc":{"start":{"line":88,"column":13},"end":{"line":90,"column":7}},"type":"if","locations":[{"start":{"line":88,"column":13},"end":{"line":90,"column":7}},{"start":{},"end":{}}],"line":88},"6":{"loc":{"start":{"line":109,"column":27},"end":{"line":109,"column":88}},"type":"cond-expr","locations":[{"start":{"line":109,"column":52},"end":{"line":109,"column":65}},{"start":{"line":109,"column":68},"end":{"line":109,"column":88}}],"line":109}},"s":{"0":2,"1":2,"2":1,"3":2,"4":1,"5":1,"6":1,"7":5,"8":5,"9":1,"10":1,"11":4,"12":4,"13":4,"14":3,"15":3,"16":3,"17":2,"18":2,"19":1,"20":1,"21":1,"22":3,"23":3,"24":3,"25":2,"26":1,"27":1,"28":0,"29":0,"30":1,"31":1,"32":0,"33":1,"34":1,"35":3,"36":3,"37":4,"38":2,"39":2,"40":2,"41":2,"42":1,"43":1,"44":1,"45":2},"f":{"0":2,"1":1,"2":2,"3":1,"4":1,"5":1,"6":5,"7":2},"b":{"0":[1,4],"1":[1,1],"2":[2,1],"3":[1,0,1,0],"4":[0,0],"5":[1,0],"6":[1,0]},"_coverageSchema":"1a1c01bbd47fc00a2c39e90264f33305004495a9","hash":"2b14dc081c12d86ac899c3bab4d8c9dda6ed25ef"}
,"/Users/uri/dev/BookApp/mobile/android/stores/family-store.ts": {"path":"/Users/uri/dev/BookApp/mobile/android/stores/family-store.ts","statementMap":{"0":{"start":{"line":21,"column":21},"end":{"line":27,"column":1}},"1":{"start":{"line":29,"column":30},"end":{"line":39,"column":3}},"2":{"start":{"line":29,"column":60},"end":{"line":39,"column":1}},"3":{"start":{"line":32,"column":25},"end":{"line":32,"column":40}},"4":{"start":{"line":33,"column":27},"end":{"line":33,"column":43}},"5":{"start":{"line":34,"column":45},"end":{"line":34,"column":70}},"6":{"start":{"line":35,"column":29},"end":{"line":35,"column":47}},"7":{"start":{"line":36,"column":23},"end":{"line":36,"column":37}},"8":{"start":{"line":37,"column":20},"end":{"line":37,"column":40}},"9":{"start":{"line":38,"column":15},"end":{"line":38,"column":32}},"10":{"start":{"line":42,"column":33},"end":{"line":45,"column":1}},"11":{"start":{"line":43,"column":40},"end":{"line":43,"column":65}},"12":{"start":{"line":44,"column":2},"end":{"line":44,"column":64}},"13":{"start":{"line":44,"column":29},"end":{"line":44,"column":54}},"14":{"start":{"line":48,"column":33},"end":{"line":52,"column":1}},"15":{"start":{"line":49,"column":18},"end":{"line":49,"column":50}},"16":{"start":{"line":49,"column":40},"end":{"line":49,"column":49}},"17":{"start":{"line":50,"column":27},"end":{"line":50,"column":68}},"18":{"start":{"line":50,"column":49},"end":{"line":50,"column":67}},"19":{"start":{"line":51,"column":2},"end":{"line":51,"column":64}},"20":{"start":{"line":51,"column":29},"end":{"line":51,"column":54}}},"fnMap":{"0":{"name":"(anonymous_0)","decl":{"start":{"line":29,"column":50},"end":{"line":29,"column":51}},"loc":{"start":{"line":29,"column":60},"end":{"line":39,"column":1}},"line":29},"1":{"name":"(anonymous_1)","decl":{"start":{"line":32,"column":13},"end":{"line":32,"column":14}},"loc":{"start":{"line":32,"column":25},"end":{"line":32,"column":40}},"line":32},"2":{"name":"(anonymous_2)","decl":{"start":{"line":33,"column":14},"end":{"line":33,"column":15}},"loc":{"start":{"line":33,"column":27},"end":{"line":33,"column":43}},"line":33},"3":{"name":"(anonymous_3)","decl":{"start":{"line":34,"column":23},"end":{"line":34,"column":24}},"loc":{"start":{"line":34,"column":45},"end":{"line":34,"column":70}},"line":34},"4":{"name":"(anonymous_4)","decl":{"start":{"line":35,"column":14},"end":{"line":35,"column":15}},"loc":{"start":{"line":35,"column":29},"end":{"line":35,"column":47}},"line":35},"5":{"name":"(anonymous_5)","decl":{"start":{"line":36,"column":12},"end":{"line":36,"column":13}},"loc":{"start":{"line":36,"column":23},"end":{"line":36,"column":37}},"line":36},"6":{"name":"(anonymous_6)","decl":{"start":{"line":37,"column":14},"end":{"line":37,"column":15}},"loc":{"start":{"line":37,"column":20},"end":{"line":37,"column":40}},"line":37},"7":{"name":"(anonymous_7)","decl":{"start":{"line":38,"column":9},"end":{"line":38,"column":10}},"loc":{"start":{"line":38,"column":15},"end":{"line":38,"column":32}},"line":38},"8":{"name":"(anonymous_8)","decl":{"start":{"line":42,"column":33},"end":{"line":42,"column":34}},"loc":{"start":{"line":42,"column":39},"end":{"line":45,"column":1}},"line":42},"9":{"name":"(anonymous_9)","decl":{"start":{"line":44,"column":22},"end":{"line":44,"column":23}},"loc":{"start":{"line":44,"column":29},"end":{"line":44,"column":54}},"line":44},"10":{"name":"(anonymous_10)","decl":{"start":{"line":48,"column":33},"end":{"line":48,"column":34}},"loc":{"start":{"line":48,"column":39},"end":{"line":52,"column":1}},"line":48},"11":{"name":"(anonymous_11)","decl":{"start":{"line":49,"column":33},"end":{"line":49,"column":34}},"loc":{"start":{"line":49,"column":40},"end":{"line":49,"column":49}},"line":49},"12":{"name":"(anonymous_12)","decl":{"start":{"line":50,"column":42},"end":{"line":50,"column":43}},"loc":{"start":{"line":50,"column":49},"end":{"line":50,"column":67}},"line":50},"13":{"name":"(anonymous_13)","decl":{"start":{"line":51,"column":22},"end":{"line":51,"column":23}},"loc":{"start":{"line":51,"column":29},"end":{"line":51,"column":54}},"line":51}},"branchMap":{"0":{"loc":{"start":{"line":44,"column":9},"end":{"line":44,"column":63}},"type":"binary-expr","locations":[{"start":{"line":44,"column":9},"end":{"line":44,"column":55}},{"start":{"line":44,"column":59},"end":{"line":44,"column":63}}],"line":44},"1":{"loc":{"start":{"line":51,"column":9},"end":{"line":51,"column":63}},"type":"binary-expr","locations":[{"start":{"line":51,"column":9},"end":{"line":51,"column":55}},{"start":{"line":51,"column":59},"end":{"line":51,"column":63}}],"line":51}},"s":{"0":2,"1":2,"2":2,"3":1,"4":1,"5":3,"6":2,"7":1,"8":1,"9":1,"10":2,"11":3,"12":3,"13":4,"14":2,"15":0,"16":0,"17":0,"18":0,"19":0,"20":0},"f":{"0":2,"1":1,"2":1,"3":3,"4":2,"5":1,"6":1,"7":1,"8":3,"9":4,"10":0,"11":0,"12":0,"13":0},"b":{"0":[3,2],"1":[0,0]},"_coverageSchema":"1a1c01bbd47fc00a2c39e90264f33305004495a9","hash":"12fd51d9472755a30d23fe9b777caf8e516f321e"}
}
