TN:
SF:hooks/use-auth.ts
FN:10,useAuthStateListener
FN:13,(anonymous_1)
FN:17,(anonymous_2)
FN:30,useAuth
FNF:4
FNH:1
FNDA:0,useAuthStateListener
FNDA:0,(anonymous_1)
FNDA:0,(anonymous_2)
FNDA:7,useAuth
DA:11,0
DA:13,0
DA:14,0
DA:17,0
DA:18,0
DA:19,0
DA:20,0
DA:23,0
DA:31,7
DA:33,7
LF:10
LH:2
BRF:0
BRH:0
end_of_record
TN:
SF:hooks/use-color-scheme.ts
FNF:0
FNH:0
LF:0
LH:0
BRF:0
BRH:0
end_of_record
TN:
SF:hooks/use-color-scheme.web.ts
FN:7,useColorScheme
FN:10,(anonymous_1)
FNF:2
FNH:0
FNDA:0,useColorScheme
FNDA:0,(anonymous_1)
DA:8,0
DA:10,0
DA:11,0
DA:14,0
DA:16,0
DA:17,0
DA:20,0
LF:7
LH:0
BRDA:16,0,0,0
BRDA:16,0,1,0
BRF:2
BRH:0
end_of_record
TN:
SF:hooks/use-theme-color.ts
FN:9,useThemeColor
FNF:1
FNH:0
FNDA:0,useThemeColor
DA:13,0
DA:14,0
DA:16,0
DA:17,0
DA:19,0
LF:5
LH:0
BRDA:13,0,0,0
BRDA:13,0,1,0
BRDA:16,1,0,0
BRDA:16,1,1,0
BRF:4
BRH:0
end_of_record
TN:
SF:lib/firebase.ts
FNF:0
FNH:0
LF:0
LH:0
BRF:0
BRH:0
end_of_record
TN:
SF:lib/firestore.ts
FN:9,(anonymous_0)
FN:10,(anonymous_1)
FN:12,(anonymous_2)
FN:14,(anonymous_3)
FN:18,(anonymous_4)
FN:21,createFamily
FN:29,getFamily
FN:35,getFamilyByOwner
FN:47,createMember
FN:55,getMembers
FN:57,(anonymous_10)
FN:60,getMember
FN:66,updateMember
FN:71,deleteMember
FN:76,createBook
FN:89,getBooks
FN:93,(anonymous_16)
FN:96,getBooksByStatus
FN:105,(anonymous_18)
FN:108,getBook
FN:114,updateBook
FN:124,deleteBook
FN:129,createSeries
FN:141,getSeries
FN:143,(anonymous_24)
FN:146,getSeriesById
FN:156,updateSeries
FN:166,deleteSeries
FN:175,onMembersSnapshot
FN:179,(anonymous_29)
FN:180,(anonymous_30)
FN:185,onBooksSnapshot
FN:192,(anonymous_32)
FN:193,(anonymous_33)
FN:198,onSeriesSnapshot
FN:203,(anonymous_35)
FN:204,(anonymous_36)
FNF:37
FNH:14
FNDA:3,(anonymous_0)
FNDA:2,(anonymous_1)
FNDA:2,(anonymous_2)
FNDA:2,(anonymous_3)
FNDA:2,(anonymous_4)
FNDA:1,createFamily
FNDA:1,getFamily
FNDA:1,getFamilyByOwner
FNDA:1,createMember
FNDA:1,getMembers
FNDA:0,(anonymous_10)
FNDA:0,getMember
FNDA:0,updateMember
FNDA:0,deleteMember
FNDA:1,createBook
FNDA:1,getBooks
FNDA:0,(anonymous_16)
FNDA:0,getBooksByStatus
FNDA:0,(anonymous_18)
FNDA:0,getBook
FNDA:0,updateBook
FNDA:0,deleteBook
FNDA:1,createSeries
FNDA:1,getSeries
FNDA:0,(anonymous_24)
FNDA:0,getSeriesById
FNDA:0,updateSeries
FNDA:0,deleteSeries
FNDA:0,onMembersSnapshot
FNDA:0,(anonymous_29)
FNDA:0,(anonymous_30)
FNDA:0,onBooksSnapshot
FNDA:0,(anonymous_32)
FNDA:0,(anonymous_33)
FNDA:0,onSeriesSnapshot
FNDA:0,(anonymous_35)
FNDA:0,(anonymous_36)
DA:9,3
DA:10,1
DA:11,2
DA:12,1
DA:13,2
DA:14,1
DA:15,2
DA:18,2
DA:22,1
DA:26,1
DA:30,1
DA:31,1
DA:32,1
DA:36,1
DA:41,1
DA:42,0
DA:43,0
DA:48,1
DA:52,1
DA:56,1
DA:57,1
DA:61,0
DA:62,0
DA:63,0
DA:67,0
DA:68,0
DA:72,0
DA:81,1
DA:86,1
DA:90,1
DA:93,1
DA:101,0
DA:105,0
DA:109,0
DA:110,0
DA:111,0
DA:120,0
DA:121,0
DA:125,0
DA:134,1
DA:138,1
DA:142,1
DA:143,1
DA:151,0
DA:152,0
DA:153,0
DA:162,0
DA:163,0
DA:171,0
DA:179,0
DA:180,0
DA:181,0
DA:190,0
DA:193,0
DA:194,0
DA:203,0
DA:204,0
DA:205,0
LF:58
LH:27
BRDA:31,0,0,0
BRDA:31,0,1,1
BRDA:41,1,0,1
BRDA:41,1,1,0
BRDA:62,2,0,0
BRDA:62,2,1,0
BRDA:110,3,0,0
BRDA:110,3,1,0
BRDA:152,4,0,0
BRDA:152,4,1,0
BRF:10
BRH:2
end_of_record
TN:
SF:lib/google-signin.ts
FN:11,configureGoogleSignIn
FNF:1
FNH:0
FNDA:0,configureGoogleSignIn
DA:12,0
LF:1
LH:0
BRF:0
BRH:0
end_of_record
TN:
SF:lib/storage.ts
FN:9,uploadImage
FN:27,uploadMemberAvatar
FN:45,uploadBookCover
FN:60,deleteFile
FNF:4
FNH:4
FNDA:3,uploadImage
FNDA:1,uploadMemberAvatar
FNDA:1,uploadBookCover
FNDA:4,deleteFile
DA:10,3
DA:13,3
DA:16,3
DA:17,3
DA:32,1
DA:33,1
DA:34,1
DA:51,1
DA:52,1
DA:53,1
DA:61,4
DA:64,4
DA:65,2
DA:67,2
DA:69,4
DA:72,0
DA:73,0
DA:74,0
LF:18
LH:15
BRDA:64,0,0,2
BRDA:64,0,1,2
BRDA:64,1,0,4
BRDA:64,1,1,3
BRDA:73,2,0,0
BRDA:73,2,1,0
BRF:6
BRH:4
end_of_record
TN:
SF:stores/auth-store.ts
FN:22,(anonymous_0)
FN:28,(anonymous_1)
FN:29,(anonymous_2)
FN:30,(anonymous_3)
FN:31,(anonymous_4)
FN:32,(anonymous_5)
FN:34,(anonymous_6)
FN:99,(anonymous_7)
FNF:8
FNH:8
FNDA:2,(anonymous_0)
FNDA:1,(anonymous_1)
FNDA:2,(anonymous_2)
FNDA:1,(anonymous_3)
FNDA:1,(anonymous_4)
FNDA:1,(anonymous_5)
FNDA:5,(anonymous_6)
FNDA:2,(anonymous_7)
DA:22,2
DA:28,1
DA:29,2
DA:30,1
DA:31,1
DA:32,1
DA:36,5
DA:37,5
DA:38,1
DA:39,1
DA:42,4
DA:43,4
DA:46,4
DA:49,3
DA:50,3
DA:56,3
DA:59,2
DA:60,2
DA:61,1
DA:65,1
DA:68,1
DA:70,3
DA:72,3
DA:74,3
DA:75,2
DA:77,1
DA:78,1
DA:80,0
DA:81,0
DA:83,1
DA:84,1
DA:86,0
DA:88,1
DA:89,1
DA:92,3
DA:93,3
DA:95,4
DA:100,2
DA:101,2
DA:104,2
DA:107,2
DA:109,1
DA:110,1
DA:111,1
DA:113,2
LF:45
LH:42
BRDA:37,0,0,1
BRDA:37,0,1,4
BRDA:60,1,0,1
BRDA:60,1,1,1
BRDA:74,2,0,2
BRDA:74,2,1,1
BRDA:75,3,0,1
BRDA:75,3,1,0
BRDA:75,3,2,1
BRDA:75,3,3,0
BRDA:86,4,0,0
BRDA:86,4,1,0
BRDA:88,5,0,1
BRDA:88,5,1,0
BRDA:109,6,0,1
BRDA:109,6,1,0
BRF:16
BRH:10
end_of_record
