TN:
SF:hooks/use-auth.ts
FN:10,useAuthStateListener
FN:13,(anonymous_1)
FN:17,(anonymous_2)
FN:30,useAuth
FNF:4
FNH:1
FNDA:0,useAuthStateListener
FNDA:0,(anonymous_1)
FNDA:0,(anonymous_2)
FNDA:7,useAuth
DA:11,0
DA:13,0
DA:14,0
DA:17,0
DA:18,0
DA:19,0
DA:20,0
DA:23,0
DA:31,7
DA:33,7
LF:10
LH:2
BRF:0
BRH:0
end_of_record
TN:
SF:hooks/use-books.ts
FN:22,useBooksListener
FN:23,(anonymous_1)
FN:24,(anonymous_2)
FN:32,(anonymous_3)
FN:38,(anonymous_4)
FN:40,(anonymous_5)
FN:44,(anonymous_6)
FN:55,useBooks
FN:59,(anonymous_8)
FN:64,(anonymous_9)
FN:65,(anonymous_10)
FN:66,(anonymous_11)
FN:87,useBookOperations
FN:88,(anonymous_13)
FN:89,(anonymous_14)
FN:92,(anonymous_15)
FN:103,(anonymous_16)
FN:113,(anonymous_17)
FN:123,(anonymous_18)
FN:133,(anonymous_19)
FNF:20
FNH:19
FNDA:20,useBooksListener
FNDA:60,(anonymous_1)
FNDA:60,(anonymous_2)
FNDA:10,(anonymous_3)
FNDA:8,(anonymous_4)
FNDA:6,(anonymous_5)
FNDA:8,(anonymous_6)
FNDA:12,useBooks
FNDA:12,(anonymous_8)
FNDA:24,(anonymous_9)
FNDA:24,(anonymous_10)
FNDA:24,(anonymous_11)
FNDA:6,useBookOperations
FNDA:18,(anonymous_13)
FNDA:18,(anonymous_14)
FNDA:3,(anonymous_15)
FNDA:1,(anonymous_16)
FNDA:1,(anonymous_17)
FNDA:1,(anonymous_18)
FNDA:0,(anonymous_19)
DA:23,60
DA:24,60
DA:26,20
DA:32,20
DA:33,10
DA:34,2
DA:35,2
DA:38,8
DA:40,8
DA:41,6
DA:44,8
DA:45,8
DA:49,20
DA:56,12
DA:58,12
DA:59,12
DA:63,12
DA:64,24
DA:65,24
DA:66,24
DA:69,12
DA:88,18
DA:89,18
DA:91,6
DA:93,3
DA:94,2
DA:96,1
DA:97,1
DA:102,6
DA:104,1
DA:105,1
DA:107,1
DA:112,6
DA:114,1
DA:115,1
DA:117,1
DA:122,6
DA:124,1
DA:125,1
DA:127,1
DA:132,6
DA:134,0
DA:135,0
DA:137,0
DA:142,6
LF:45
LH:42
BRDA:33,0,0,2
BRDA:33,0,1,8
BRDA:33,1,0,10
BRDA:33,1,1,9
BRDA:58,2,0,6
BRDA:58,2,1,6
BRDA:58,3,0,12
BRDA:58,3,1,8
BRDA:93,4,0,1
BRDA:93,4,1,2
BRDA:94,5,0,1
BRDA:94,5,1,1
BRDA:104,6,0,0
BRDA:104,6,1,1
BRDA:105,7,0,0
BRDA:105,7,1,1
BRDA:114,8,0,0
BRDA:114,8,1,1
BRDA:115,9,0,0
BRDA:115,9,1,1
BRDA:124,10,0,0
BRDA:124,10,1,1
BRDA:125,11,0,0
BRDA:125,11,1,1
BRDA:134,12,0,0
BRDA:134,12,1,0
BRDA:135,13,0,0
BRDA:135,13,1,0
BRF:28
BRH:18
end_of_record
TN:
SF:hooks/use-color-scheme.ts
FNF:0
FNH:0
LF:0
LH:0
BRF:0
BRH:0
end_of_record
TN:
SF:hooks/use-color-scheme.web.ts
FN:7,useColorScheme
FN:10,(anonymous_1)
FNF:2
FNH:0
FNDA:0,useColorScheme
FNDA:0,(anonymous_1)
DA:8,0
DA:10,0
DA:11,0
DA:14,0
DA:16,0
DA:17,0
DA:20,0
LF:7
LH:0
BRDA:16,0,0,0
BRDA:16,0,1,0
BRF:2
BRH:0
end_of_record
TN:
SF:hooks/use-family.ts
FN:19,useFamilyListener
FN:20,(anonymous_1)
FN:23,(anonymous_2)
FN:32,initializeFamily
FN:60,(anonymous_4)
FN:75,(anonymous_5)
FN:84,useMemberOperations
FN:85,(anonymous_7)
FN:88,(anonymous_8)
FN:118,(anonymous_9)
FN:163,(anonymous_10)
FN:190,useFamily
FN:191,(anonymous_12)
FN:192,(anonymous_13)
FN:193,(anonymous_14)
FN:194,(anonymous_15)
FN:195,(anonymous_16)
FN:196,(anonymous_17)
FN:198,(anonymous_18)
FNF:19
FNH:0
FNDA:0,useFamilyListener
FNDA:0,(anonymous_1)
FNDA:0,(anonymous_2)
FNDA:0,initializeFamily
FNDA:0,(anonymous_4)
FNDA:0,(anonymous_5)
FNDA:0,useMemberOperations
FNDA:0,(anonymous_7)
FNDA:0,(anonymous_8)
FNDA:0,(anonymous_9)
FNDA:0,(anonymous_10)
FNDA:0,useFamily
FNDA:0,(anonymous_12)
FNDA:0,(anonymous_13)
FNDA:0,(anonymous_14)
FNDA:0,(anonymous_15)
FNDA:0,(anonymous_16)
FNDA:0,(anonymous_17)
FNDA:0,(anonymous_18)
DA:20,0
DA:21,0
DA:23,0
DA:24,0
DA:26,0
DA:27,0
DA:30,0
DA:33,0
DA:34,0
DA:36,0
DA:38,0
DA:40,0
DA:42,0
DA:45,0
DA:49,0
DA:57,0
DA:60,0
DA:61,0
DA:65,0
DA:66,0
DA:67,0
DA:69,0
DA:73,0
DA:75,0
DA:76,0
DA:85,0
DA:87,0
DA:89,0
DA:92,0
DA:98,0
DA:99,0
DA:100,0
DA:105,0
DA:107,0
DA:112,0
DA:117,0
DA:123,0
DA:125,0
DA:127,0
DA:128,0
DA:131,0
DA:132,0
DA:136,0
DA:137,0
DA:139,0
DA:140,0
DA:143,0
DA:148,0
DA:150,0
DA:155,0
DA:156,0
DA:162,0
DA:164,0
DA:167,0
DA:168,0
DA:169,0
DA:171,0
DA:175,0
DA:180,0
DA:191,0
DA:192,0
DA:193,0
DA:194,0
DA:195,0
DA:196,0
DA:198,0
DA:200,0
LF:67
LH:0
BRDA:24,0,0,0
BRDA:24,0,1,0
BRDA:40,1,0,0
BRDA:40,1,1,0
BRDA:42,2,0,0
BRDA:42,2,1,0
BRDA:65,3,0,0
BRDA:65,3,1,0
BRDA:89,4,0,0
BRDA:89,4,1,0
BRDA:98,5,0,0
BRDA:98,5,1,0
BRDA:123,6,0,0
BRDA:123,6,1,0
BRDA:127,7,0,0
BRDA:127,7,1,0
BRDA:131,8,0,0
BRDA:131,8,1,0
BRDA:136,9,0,0
BRDA:136,9,1,0
BRDA:139,10,0,0
BRDA:139,10,1,0
BRDA:155,11,0,0
BRDA:155,11,1,0
BRDA:164,12,0,0
BRDA:164,12,1,0
BRDA:167,13,0,0
BRDA:167,13,1,0
BRDA:198,14,0,0
BRDA:198,14,1,0
BRF:30
BRH:0
end_of_record
TN:
SF:hooks/use-theme-color.ts
FN:9,useThemeColor
FNF:1
FNH:0
FNDA:0,useThemeColor
DA:13,0
DA:14,0
DA:16,0
DA:17,0
DA:19,0
LF:5
LH:0
BRDA:13,0,0,0
BRDA:13,0,1,0
BRDA:16,1,0,0
BRDA:16,1,1,0
BRF:4
BRH:0
end_of_record
TN:
SF:lib/firebase.ts
FNF:0
FNH:0
LF:0
LH:0
BRF:0
BRH:0
end_of_record
TN:
SF:lib/firestore.ts
FN:9,(anonymous_0)
FN:10,(anonymous_1)
FN:12,(anonymous_2)
FN:14,(anonymous_3)
FN:18,(anonymous_4)
FN:21,createFamily
FN:29,getFamily
FN:35,getFamilyByOwner
FN:47,createMember
FN:55,getMembers
FN:57,(anonymous_10)
FN:60,getMember
FN:66,updateMember
FN:71,deleteMember
FN:76,createBook
FN:83,(anonymous_15)
FN:94,getBooks
FN:98,(anonymous_17)
FN:101,getBooksByStatus
FN:110,(anonymous_19)
FN:113,getBook
FN:119,updateBook
FN:129,deleteBook
FN:134,createSeries
FN:146,getSeries
FN:148,(anonymous_25)
FN:151,getSeriesById
FN:161,updateSeries
FN:171,deleteSeries
FN:180,onMembersSnapshot
FN:184,(anonymous_30)
FN:185,(anonymous_31)
FN:190,onBooksSnapshot
FN:197,(anonymous_33)
FN:198,(anonymous_34)
FN:203,onSeriesSnapshot
FN:208,(anonymous_36)
FN:209,(anonymous_37)
FNF:38
FNH:15
FNDA:3,(anonymous_0)
FNDA:2,(anonymous_1)
FNDA:7,(anonymous_2)
FNDA:2,(anonymous_3)
FNDA:7,(anonymous_4)
FNDA:1,createFamily
FNDA:1,getFamily
FNDA:1,getFamilyByOwner
FNDA:1,createMember
FNDA:1,getMembers
FNDA:0,(anonymous_10)
FNDA:0,getMember
FNDA:0,updateMember
FNDA:0,deleteMember
FNDA:6,createBook
FNDA:20,(anonymous_15)
FNDA:1,getBooks
FNDA:0,(anonymous_17)
FNDA:0,getBooksByStatus
FNDA:0,(anonymous_19)
FNDA:0,getBook
FNDA:0,updateBook
FNDA:0,deleteBook
FNDA:1,createSeries
FNDA:1,getSeries
FNDA:0,(anonymous_25)
FNDA:0,getSeriesById
FNDA:0,updateSeries
FNDA:0,deleteSeries
FNDA:0,onMembersSnapshot
FNDA:0,(anonymous_30)
FNDA:0,(anonymous_31)
FNDA:0,onBooksSnapshot
FNDA:0,(anonymous_33)
FNDA:0,(anonymous_34)
FNDA:0,onSeriesSnapshot
FNDA:0,(anonymous_36)
FNDA:0,(anonymous_37)
DA:9,3
DA:10,3
DA:11,2
DA:12,3
DA:13,7
DA:14,3
DA:15,2
DA:18,7
DA:22,1
DA:26,1
DA:30,1
DA:31,1
DA:32,1
DA:36,1
DA:41,1
DA:42,0
DA:43,0
DA:48,1
DA:52,1
DA:56,1
DA:57,1
DA:61,0
DA:62,0
DA:63,0
DA:67,0
DA:68,0
DA:72,0
DA:82,6
DA:83,20
DA:86,6
DA:91,6
DA:95,1
DA:98,1
DA:106,0
DA:110,0
DA:114,0
DA:115,0
DA:116,0
DA:125,0
DA:126,0
DA:130,0
DA:139,1
DA:143,1
DA:147,1
DA:148,1
DA:156,0
DA:157,0
DA:158,0
DA:167,0
DA:168,0
DA:176,0
DA:184,0
DA:185,0
DA:186,0
DA:195,0
DA:198,0
DA:199,0
DA:208,0
DA:209,0
DA:210,0
LF:60
LH:29
BRDA:31,0,0,0
BRDA:31,0,1,1
BRDA:41,1,0,1
BRDA:41,1,1,0
BRDA:62,2,0,0
BRDA:62,2,1,0
BRDA:115,3,0,0
BRDA:115,3,1,0
BRDA:157,4,0,0
BRDA:157,4,1,0
BRF:10
BRH:2
end_of_record
TN:
SF:lib/google-signin.ts
FN:11,configureGoogleSignIn
FNF:1
FNH:0
FNDA:0,configureGoogleSignIn
DA:12,0
LF:1
LH:0
BRF:0
BRH:0
end_of_record
TN:
SF:lib/storage.ts
FN:9,uploadImage
FN:27,uploadMemberAvatar
FN:45,uploadBookCover
FN:61,deleteFile
FNF:4
FNH:4
FNDA:3,uploadImage
FNDA:1,uploadMemberAvatar
FNDA:1,uploadBookCover
FNDA:4,deleteFile
DA:10,3
DA:13,3
DA:16,3
DA:17,3
DA:32,1
DA:33,1
DA:34,1
DA:51,1
DA:52,1
DA:53,1
DA:54,1
DA:62,4
DA:65,4
DA:66,2
DA:68,2
DA:70,4
DA:73,0
DA:74,0
DA:75,0
LF:19
LH:16
BRDA:52,0,0,1
BRDA:52,0,1,0
BRDA:65,1,0,2
BRDA:65,1,1,2
BRDA:65,2,0,4
BRDA:65,2,1,3
BRDA:74,3,0,0
BRDA:74,3,1,0
BRF:8
BRH:5
end_of_record
TN:
SF:stores/auth-store.ts
FN:22,(anonymous_0)
FN:28,(anonymous_1)
FN:29,(anonymous_2)
FN:30,(anonymous_3)
FN:31,(anonymous_4)
FN:32,(anonymous_5)
FN:34,(anonymous_6)
FN:99,(anonymous_7)
FNF:8
FNH:8
FNDA:2,(anonymous_0)
FNDA:1,(anonymous_1)
FNDA:2,(anonymous_2)
FNDA:1,(anonymous_3)
FNDA:1,(anonymous_4)
FNDA:1,(anonymous_5)
FNDA:5,(anonymous_6)
FNDA:2,(anonymous_7)
DA:22,2
DA:28,1
DA:29,2
DA:30,1
DA:31,1
DA:32,1
DA:36,5
DA:37,5
DA:38,1
DA:39,1
DA:42,4
DA:43,4
DA:46,4
DA:49,3
DA:50,3
DA:56,3
DA:59,2
DA:60,2
DA:61,1
DA:65,1
DA:68,1
DA:70,3
DA:72,3
DA:74,3
DA:75,2
DA:77,1
DA:78,1
DA:80,0
DA:81,0
DA:83,1
DA:84,1
DA:86,0
DA:88,1
DA:89,1
DA:92,3
DA:93,3
DA:95,4
DA:100,2
DA:101,2
DA:104,2
DA:107,2
DA:109,1
DA:110,1
DA:111,1
DA:113,2
LF:45
LH:42
BRDA:37,0,0,1
BRDA:37,0,1,4
BRDA:60,1,0,1
BRDA:60,1,1,1
BRDA:74,2,0,2
BRDA:74,2,1,1
BRDA:75,3,0,1
BRDA:75,3,1,0
BRDA:75,3,2,1
BRDA:75,3,3,0
BRDA:86,4,0,0
BRDA:86,4,1,0
BRDA:88,5,0,1
BRDA:88,5,1,0
BRDA:109,6,0,1
BRDA:109,6,1,0
BRF:16
BRH:10
end_of_record
TN:
SF:stores/family-store.ts
FN:29,(anonymous_0)
FN:32,(anonymous_1)
FN:33,(anonymous_2)
FN:34,(anonymous_3)
FN:35,(anonymous_4)
FN:36,(anonymous_5)
FN:37,(anonymous_6)
FN:38,(anonymous_7)
FN:42,(anonymous_8)
FN:44,(anonymous_9)
FN:48,(anonymous_10)
FN:49,(anonymous_11)
FN:50,(anonymous_12)
FN:51,(anonymous_13)
FNF:14
FNH:10
FNDA:2,(anonymous_0)
FNDA:1,(anonymous_1)
FNDA:1,(anonymous_2)
FNDA:3,(anonymous_3)
FNDA:2,(anonymous_4)
FNDA:1,(anonymous_5)
FNDA:1,(anonymous_6)
FNDA:1,(anonymous_7)
FNDA:3,(anonymous_8)
FNDA:4,(anonymous_9)
FNDA:0,(anonymous_10)
FNDA:0,(anonymous_11)
FNDA:0,(anonymous_12)
FNDA:0,(anonymous_13)
DA:21,2
DA:29,2
DA:32,1
DA:33,1
DA:34,3
DA:35,2
DA:36,1
DA:37,1
DA:38,1
DA:42,2
DA:43,3
DA:44,4
DA:48,2
DA:49,0
DA:50,0
DA:51,0
LF:16
LH:13
BRDA:44,0,0,3
BRDA:44,0,1,2
BRDA:51,1,0,0
BRDA:51,1,1,0
BRF:4
BRH:2
end_of_record
